Log file open, 04/11/20 02:07:15
LogWindows: Failed to load 'aqProf.dll' (GetLastError=126)
LogWindows: File 'aqProf.dll' does not exist
LogWindows: Failed to load 'VtuneApi.dll' (GetLastError=126)
LogWindows: File 'VtuneApi.dll' does not exist
LogWindows: Failed to load 'VtuneApi32e.dll' (GetLastError=126)
LogWindows: File 'VtuneApi32e.dll' does not exist
LogConsoleResponse: Display: Failed to find resolution value strings in scalability ini. Falling back to default.
LogInit: Display: Running engine for game: BattleTank
LogPlatformFile: Not using cached read wrapper
LogTaskGraph: Started task graph with 5 named threads and 23 total threads with 3 sets of task threads.
LogStats: Stats thread started at 0.076003
LogD3D11RHI: Loaded GFSDK_Aftermath_Lib.x64.dll
LogICUInternationalization: ICU TimeZone Detection - Raw Offset: +5:00, Platform Override: ''
LogPluginManager: Mounting plugin Paper2D
LogPluginManager: Mounting plugin AISupport
LogPluginManager: Mounting plugin LightPropagationVolume
LogPluginManager: Mounting plugin ActorLayerUtilities
LogPluginManager: Mounting plugin AnimationSharing
LogPluginManager: Mounting plugin CLionSourceCodeAccess
LogPluginManager: Mounting plugin CodeLiteSourceCodeAccess
LogPluginManager: Mounting plugin GitSourceControl
LogPluginManager: Mounting plugin KDevelopSourceCodeAccess
LogPluginManager: Mounting plugin NullSourceCodeAccess
LogPluginManager: Mounting plugin PerforceSourceControl
LogPluginManager: Mounting plugin PlasticSourceControl
LogPluginManager: Mounting plugin SubversionSourceControl
LogPluginManager: Mounting plugin UObjectPlugin
LogPluginManager: Mounting plugin VisualStudioCodeSourceCodeAccess
LogPluginManager: Mounting plugin VisualStudioSourceCodeAccess
LogPluginManager: Mounting plugin XCodeSourceCodeAccess
LogPluginManager: Mounting plugin AssetManagerEditor
LogPluginManager: Mounting plugin CryptoKeys
LogPluginManager: Mounting plugin CurveEditorTools
LogPluginManager: Mounting plugin DataValidation
LogPluginManager: Mounting plugin FacialAnimation
LogPluginManager: Mounting plugin GameplayTagsEditor
LogPluginManager: Mounting plugin MacGraphicsSwitching
LogPluginManager: Mounting plugin MaterialAnalyzer
LogPluginManager: Mounting plugin MobileLauncherProfileWizard
LogPluginManager: Mounting plugin PluginBrowser
LogPluginManager: Mounting plugin SpeedTreeImporter
LogPluginManager: Mounting plugin DatasmithContent
LogPluginManager: Mounting plugin VariantManagerContent
LogPluginManager: Mounting plugin AlembicImporter
LogPluginManager: Mounting plugin AutomationUtils
LogPluginManager: Mounting plugin BackChannel
LogPluginManager: Mounting plugin CharacterAI
LogPluginManager: Mounting plugin GeometryCache
LogPluginManager: Mounting plugin PlatformCrypto
LogPluginManager: Mounting plugin ProxyLODPlugin
LogPluginManager: Mounting plugin SkeletalReduction
LogPluginManager: Mounting plugin MagicLeap
LogPluginManager: Mounting plugin MagicLeapMedia
LogPluginManager: Mounting plugin MLSDK
LogPluginManager: Mounting plugin AndroidMedia
LogPluginManager: Mounting plugin AvfMedia
LogPluginManager: Mounting plugin ImgMedia
LogPluginManager: Mounting plugin MediaCompositing
LogPluginManager: Mounting plugin MediaPlayerEditor
LogPluginManager: Mounting plugin WebMMedia
LogPluginManager: Mounting plugin WmfMedia
LogPluginManager: Mounting plugin TcpMessaging
LogPluginManager: Mounting plugin UdpMessaging
LogPluginManager: Mounting plugin ActorSequence
LogPluginManager: Mounting plugin LevelSequenceEditor
LogPluginManager: Mounting plugin MatineeToLevelSequence
LogPluginManager: Mounting plugin NetcodeUnitTest
LogPluginManager: Mounting plugin NUTUnrealEngine4
LogPluginManager: Mounting plugin OnlineSubsystemGooglePlay
LogPluginManager: Mounting plugin OnlineSubsystemIOS
LogPluginManager: Mounting plugin OnlineSubsystem
LogPluginManager: Mounting plugin OnlineSubsystemNull
LogPluginManager: Mounting plugin OnlineSubsystemUtils
LogPluginManager: Mounting plugin LauncherChunkInstaller
LogPluginManager: Mounting plugin AndroidDeviceProfileSelector
LogPluginManager: Mounting plugin AndroidMoviePlayer
LogPluginManager: Mounting plugin AndroidPermission
LogPluginManager: Mounting plugin AppleImageUtils
LogPluginManager: Mounting plugin AppleMoviePlayer
LogPluginManager: Mounting plugin ArchVisCharacter
LogPluginManager: Mounting plugin AssetTags
LogPluginManager: Mounting plugin AudioCapture
LogPluginManager: Mounting plugin CableComponent
LogPluginManager: Mounting plugin CustomMeshComponent
LogPluginManager: Mounting plugin EditableMesh
LogPluginManager: Mounting plugin ExampleDeviceProfileSelector
LogPluginManager: Mounting plugin GoogleCloudMessaging
LogPluginManager: Mounting plugin IOSDeviceProfileSelector
LogPluginManager: Mounting plugin LinuxDeviceProfileSelector
LogPluginManager: Mounting plugin LocationServicesBPLibrary
LogPluginManager: Mounting plugin MobilePatchingUtils
LogPluginManager: Mounting plugin OculusVR
LogPluginManager: Mounting plugin PhysXVehicles
LogPluginManager: Mounting plugin PostSplashScreen
LogPluginManager: Mounting plugin ProceduralMeshComponent
LogPluginManager: Mounting plugin RuntimePhysXCooking
LogPluginManager: Mounting plugin SignificanceManager
LogPluginManager: Mounting plugin SteamVR
LogPluginManager: Mounting plugin WebMMoviePlayer
LogPluginManager: Mounting plugin WindowsMoviePlayer
LogPluginManager: Mounting plugin ScreenshotTools
LogInit: Using libcurl 7.55.1-DEV
LogInit:  - built for x86_64-pc-win32
LogInit:  - supports SSL with OpenSSL/1.1.1
LogInit:  - supports HTTP deflate (compression) using libz 1.2.8
LogInit:  - other features:
LogInit:      CURL_VERSION_SSL
LogInit:      CURL_VERSION_LIBZ
LogInit:      CURL_VERSION_IPV6
LogInit:      CURL_VERSION_ASYNCHDNS
LogInit:      CURL_VERSION_LARGEFILE
LogInit:      CURL_VERSION_IDN
LogInit:  CurlRequestOptions (configurable via config and command line):
LogInit:  - bVerifyPeer = true  - Libcurl will verify peer certificate
LogInit:  - bUseHttpProxy = false  - Libcurl will NOT use HTTP proxy
LogInit:  - bDontReuseConnections = false  - Libcurl will reuse connections
LogInit:  - MaxHostConnections = 16  - Libcurl will limit the number of connections to a host
LogInit:  - LocalHostAddr = Default
LogInit:  - BufferSize = 65536
LogOnline: OSS: Creating online subsystem instance for: NULL
LogInit: WinSock: version 1.1 (2.2), MaxSocks=32767, MaxUdp=65467
LogOnline: OSS: TryLoadSubsystemAndSetDefault: Loaded subsystem for module [NULL]
LogInit: Build: ++UE4+Release-4.24-CL-11590370
LogInit: Engine Version: 4.24.3-11590370+++UE4+Release-4.24
LogInit: Compatible Engine Version: 4.24.0-10570792+++UE4+Release-4.24
LogInit: Net CL: 10570792
LogInit: OS: Windows 10 (Release 1909) (), CPU: Intel(R) Core(TM) i5-8300H CPU @ 2.30GHz, GPU: Intel(R) UHD Graphics 630
LogInit: Compiled (64-bit): Feb 24 2020 15:39:18
LogInit: Compiled with Visual C++: 19.16.27032.01
LogInit: Build Configuration: Development
LogInit: Branch Name: ++UE4+Release-4.24
LogInit: Command Line: 
LogInit: Base Directory: C:/Program Files/Epic Games/UE_4.24/Engine/Binaries/Win64/
LogInit: Installed Engine Build: 1
LogDevObjectVersion: Number of dev versions registered: 25
LogDevObjectVersion:   Dev-Blueprints (B0D832E4-1F89-4F0D-ACCF-7EB736FD4AA2): 10
LogDevObjectVersion:   Dev-Build (E1C64328-A22C-4D53-A36C-8E866417BD8C): 0
LogDevObjectVersion:   Dev-Core (375EC13C-06E4-48FB-B500-84F0262A717E): 3
LogDevObjectVersion:   Dev-Editor (E4B068ED-F494-42E9-A231-DA0B2E46BB41): 37
LogDevObjectVersion:   Dev-Framework (CFFC743F-43B0-4480-9391-14DF171D2073): 36
LogDevObjectVersion:   Dev-Mobile (B02B49B5-BB20-44E9-A304-32B752E40360): 2
LogDevObjectVersion:   Dev-Networking (A4E4105C-59A1-49B5-A7C5-40C4547EDFEE): 0
LogDevObjectVersion:   Dev-Online (39C831C9-5AE6-47DC-9A44-9C173E1C8E7C): 0
LogDevObjectVersion:   Dev-Physics (78F01B33-EBEA-4F98-B9B4-84EACCB95AA2): 2
LogDevObjectVersion:   Dev-Platform (6631380F-2D4D-43E0-8009-CF276956A95A): 0
LogDevObjectVersion:   Dev-Rendering (12F88B9F-8875-4AFC-A67C-D90C383ABD29): 36
LogDevObjectVersion:   Dev-Sequencer (7B5AE74C-D270-4C10-A958-57980B212A5A): 11
LogDevObjectVersion:   Dev-VR (D7296918-1DD6-4BDD-9DE2-64A83CC13884): 2
LogDevObjectVersion:   Dev-LoadTimes (C2A15278-BFE7-4AFE-6C17-90FF531DF755): 1
LogDevObjectVersion:   Private-Geometry (6EACA3D4-40EC-4CC1-B786-8BED09428FC5): 3
LogDevObjectVersion:   Dev-AnimPhys (29E575DD-E0A3-4627-9D10-D276232CDCEA): 17
LogDevObjectVersion:   Dev-Anim (AF43A65D-7FD3-4947-9873-3E8ED9C1BB05): 2
LogDevObjectVersion:   Dev-ReflectionCapture (6B266CEC-1EC7-4B8F-A30B-E4D90942FC07): 1
LogDevObjectVersion:   Dev-Automation (0DF73D61-A23F-47EA-B727-89E90C41499A): 1
LogDevObjectVersion:   FortniteMain (601D1886-AC64-4F84-AA16-D3DE0DEAC7D6): 31
LogDevObjectVersion:   Dev-Enterprise (9DFFBCD6-494F-0158-E221-12823C92A888): 8
LogDevObjectVersion:   Dev-Niagara (F2AED0AC-9AFE-416F-8664-AA7FFA26D6FC): 1
LogDevObjectVersion:   Dev-Destruction (174F1F0B-B4C6-45A5-B13F-2EE8D0FB917D): 9
LogDevObjectVersion:   Dev-Physics-Ext (35F94A83-E258-406C-A318-09F59610247C): 8
LogDevObjectVersion:   Dev-CineCamera (B2E18506-4273-CFC2-A54E-F4BB758BBA07): 1
LogInit: Presizing for max 25165824 objects, including 0 objects not considered by GC, pre-allocating 0 bytes for permanent pool.
LogInit: Object subsystem initialized
LogConfig: Setting CVar [[con.DebugEarlyDefault:1]]
LogConfig: Setting CVar [[r.setres:1280x720]]
[2020.04.10-21.07.16:091][  0]LogConfig: Setting CVar [[r.VSync:0]]
[2020.04.10-21.07.16:091][  0]LogConfig: Setting CVar [[r.RHICmdBypass:0]]
[2020.04.10-21.07.16:091][  0]LogConfig: Applying CVar settings from Section [/Script/Engine.RendererSettings] File [C:/Users/AmeerHamza/Documents/Unreal Projects/Unreal_Projects--Battle_Tank/BattleTank/Saved/Config/Windows/Engine.ini]
[2020.04.10-21.07.16:091][  0]LogConfig: Setting CVar [[r.GPUCrashDebugging:0]]
[2020.04.10-21.07.16:091][  0]LogConfig: Applying CVar settings from Section [/Script/Engine.RendererOverrideSettings] File [C:/Users/AmeerHamza/Documents/Unreal Projects/Unreal_Projects--Battle_Tank/BattleTank/Saved/Config/Windows/Engine.ini]
[2020.04.10-21.07.16:091][  0]LogConfig: Applying CVar settings from Section [/Script/Engine.StreamingSettings] File [C:/Users/AmeerHamza/Documents/Unreal Projects/Unreal_Projects--Battle_Tank/BattleTank/Saved/Config/Windows/Engine.ini]
[2020.04.10-21.07.16:091][  0]LogConfig: Setting CVar [[s.MinBulkDataSizeForAsyncLoading:131072]]
[2020.04.10-21.07.16:091][  0]LogConfig: Setting CVar [[s.AsyncLoadingThreadEnabled:0]]
[2020.04.10-21.07.16:091][  0]LogConfig: Setting CVar [[s.EventDrivenLoaderEnabled:1]]
[2020.04.10-21.07.16:091][  0]LogConfig: Setting CVar [[s.WarnIfTimeLimitExceeded:0]]
[2020.04.10-21.07.16:091][  0]LogConfig: Setting CVar [[s.TimeLimitExceededMultiplier:1.5]]
[2020.04.10-21.07.16:091][  0]LogConfig: Setting CVar [[s.TimeLimitExceededMinTime:0.005]]
[2020.04.10-21.07.16:091][  0]LogConfig: Setting CVar [[s.UseBackgroundLevelStreaming:1]]
[2020.04.10-21.07.16:091][  0]LogConfig: Setting CVar [[s.PriorityAsyncLoadingExtraTime:15.0]]
[2020.04.10-21.07.16:091][  0]LogConfig: Setting CVar [[s.LevelStreamingActorsUpdateTimeLimit:5.0]]
[2020.04.10-21.07.16:091][  0]LogConfig: Setting CVar [[s.PriorityLevelStreamingActorsUpdateExtraTime:5.0]]
[2020.04.10-21.07.16:091][  0]LogConfig: Setting CVar [[s.LevelStreamingComponentsRegistrationGranularity:10]]
[2020.04.10-21.07.16:091][  0]LogConfig: Setting CVar [[s.UnregisterComponentsTimeLimit:1.0]]
[2020.04.10-21.07.16:091][  0]LogConfig: Setting CVar [[s.LevelStreamingComponentsUnregistrationGranularity:5]]
[2020.04.10-21.07.16:091][  0]LogConfig: Setting CVar [[s.FlushStreamingOnExit:1]]
[2020.04.10-21.07.16:091][  0]LogConfig: Applying CVar settings from Section [/Script/Engine.GarbageCollectionSettings] File [C:/Users/AmeerHamza/Documents/Unreal Projects/Unreal_Projects--Battle_Tank/BattleTank/Saved/Config/Windows/Engine.ini]
[2020.04.10-21.07.16:091][  0]LogConfig: Setting CVar [[gc.MaxObjectsNotConsideredByGC:1]]
[2020.04.10-21.07.16:091][  0]LogConfig: Setting CVar [[gc.SizeOfPermanentObjectPool:0]]
[2020.04.10-21.07.16:091][  0]LogConfig: Setting CVar [[gc.FlushStreamingOnGC:0]]
[2020.04.10-21.07.16:091][  0]LogConfig: Setting CVar [[gc.NumRetriesBeforeForcingGC:10]]
[2020.04.10-21.07.16:091][  0]LogConfig: Setting CVar [[gc.AllowParallelGC:1]]
[2020.04.10-21.07.16:091][  0]LogConfig: Setting CVar [[gc.TimeBetweenPurgingPendingKillObjects:61.1]]
[2020.04.10-21.07.16:091][  0]LogConfig: Setting CVar [[gc.MaxObjectsInEditor:25165824]]
[2020.04.10-21.07.16:091][  0]LogConfig: Setting CVar [[gc.IncrementalBeginDestroyEnabled:1]]
[2020.04.10-21.07.16:091][  0]LogConfig: Setting CVar [[gc.CreateGCClusters:1]]
[2020.04.10-21.07.16:091][  0]LogConfig: Setting CVar [[gc.MinGCClusterSize:5]]
[2020.04.10-21.07.16:091][  0]LogConfig: Setting CVar [[gc.ActorClusteringEnabled:0]]
[2020.04.10-21.07.16:091][  0]LogConfig: Setting CVar [[gc.BlueprintClusteringEnabled:0]]
[2020.04.10-21.07.16:091][  0]LogConfig: Setting CVar [[gc.UseDisregardForGCOnDedicatedServers:0]]
[2020.04.10-21.07.16:091][  0]LogConfig: Applying CVar settings from Section [/Script/Engine.NetworkSettings] File [C:/Users/AmeerHamza/Documents/Unreal Projects/Unreal_Projects--Battle_Tank/BattleTank/Saved/Config/Windows/Engine.ini]
[2020.04.10-21.07.16:091][  0]LogConfig: Applying CVar settings from Section [/Script/UnrealEd.CookerSettings] File [C:/Users/AmeerHamza/Documents/Unreal Projects/Unreal_Projects--Battle_Tank/BattleTank/Saved/Config/Windows/Engine.ini]
[2020.04.10-21.07.16:094][  0]LogConfig: Applying CVar settings from Section [ViewDistanceQuality@3] File [C:/Users/AmeerHamza/Documents/Unreal Projects/Unreal_Projects--Battle_Tank/BattleTank/Saved/Config/Windows/Scalability.ini]
[2020.04.10-21.07.16:094][  0]LogConfig: Setting CVar [[r.SkeletalMeshLODBias:0]]
[2020.04.10-21.07.16:094][  0]LogConfig: Setting CVar [[r.ViewDistanceScale:1.0]]
[2020.04.10-21.07.16:094][  0]LogConfig: Applying CVar settings from Section [AntiAliasingQuality@3] File [C:/Users/AmeerHamza/Documents/Unreal Projects/Unreal_Projects--Battle_Tank/BattleTank/Saved/Config/Windows/Scalability.ini]
[2020.04.10-21.07.16:094][  0]LogConfig: Setting CVar [[r.PostProcessAAQuality:4]]
[2020.04.10-21.07.16:094][  0]LogConfig: Applying CVar settings from Section [ShadowQuality@3] File [C:/Users/AmeerHamza/Documents/Unreal Projects/Unreal_Projects--Battle_Tank/BattleTank/Saved/Config/Windows/Scalability.ini]
[2020.04.10-21.07.16:094][  0]LogConfig: Setting CVar [[r.LightFunctionQuality:1]]
[2020.04.10-21.07.16:094][  0]LogConfig: Setting CVar [[r.ShadowQuality:5]]
[2020.04.10-21.07.16:094][  0]LogConfig: Setting CVar [[r.Shadow.CSM.MaxCascades:10]]
[2020.04.10-21.07.16:094][  0]LogConfig: Setting CVar [[r.Shadow.MaxResolution:2048]]
[2020.04.10-21.07.16:094][  0]LogConfig: Setting CVar [[r.Shadow.MaxCSMResolution:2048]]
[2020.04.10-21.07.16:094][  0]LogConfig: Setting CVar [[r.Shadow.RadiusThreshold:0.01]]
[2020.04.10-21.07.16:094][  0]LogConfig: Setting CVar [[r.Shadow.DistanceScale:1.0]]
[2020.04.10-21.07.16:094][  0]LogConfig: Setting CVar [[r.Shadow.CSM.TransitionScale:1.0]]
[2020.04.10-21.07.16:094][  0]LogConfig: Setting CVar [[r.Shadow.PreShadowResolutionFactor:1.0]]
[2020.04.10-21.07.16:094][  0]LogConfig: Setting CVar [[r.DistanceFieldShadowing:1]]
[2020.04.10-21.07.16:094][  0]LogConfig: Setting CVar [[r.DistanceFieldAO:1]]
[2020.04.10-21.07.16:094][  0]LogConfig: Setting CVar [[r.AOQuality:2]]
[2020.04.10-21.07.16:094][  0]LogConfig: Setting CVar [[r.VolumetricFog:1]]
[2020.04.10-21.07.16:094][  0]LogConfig: Setting CVar [[r.VolumetricFog.GridPixelSize:8]]
[2020.04.10-21.07.16:094][  0]LogConfig: Setting CVar [[r.VolumetricFog.GridSizeZ:128]]
[2020.04.10-21.07.16:094][  0]LogConfig: Setting CVar [[r.VolumetricFog.HistoryMissSupersampleCount:4]]
[2020.04.10-21.07.16:094][  0]LogConfig: Setting CVar [[r.LightMaxDrawDistanceScale:1]]
[2020.04.10-21.07.16:094][  0]LogConfig: Setting CVar [[r.CapsuleShadows:1]]
[2020.04.10-21.07.16:094][  0]LogConfig: Applying CVar settings from Section [PostProcessQuality@3] File [C:/Users/AmeerHamza/Documents/Unreal Projects/Unreal_Projects--Battle_Tank/BattleTank/Saved/Config/Windows/Scalability.ini]
[2020.04.10-21.07.16:094][  0]LogConfig: Setting CVar [[r.MotionBlurQuality:4]]
[2020.04.10-21.07.16:094][  0]LogConfig: Setting CVar [[r.AmbientOcclusionMipLevelFactor:0.4]]
[2020.04.10-21.07.16:094][  0]LogConfig: Setting CVar [[r.AmbientOcclusionMaxQuality:100]]
[2020.04.10-21.07.16:094][  0]LogConfig: Setting CVar [[r.AmbientOcclusionLevels:-1]]
[2020.04.10-21.07.16:094][  0]LogConfig: Setting CVar [[r.AmbientOcclusionRadiusScale:1.0]]
[2020.04.10-21.07.16:094][  0]LogConfig: Setting CVar [[r.DepthOfFieldQuality:2]]
[2020.04.10-21.07.16:094][  0]LogConfig: Setting CVar [[r.RenderTargetPoolMin:400]]
[2020.04.10-21.07.16:094][  0]LogConfig: Setting CVar [[r.LensFlareQuality:2]]
[2020.04.10-21.07.16:094][  0]LogConfig: Setting CVar [[r.SceneColorFringeQuality:1]]
[2020.04.10-21.07.16:094][  0]LogConfig: Setting CVar [[r.EyeAdaptationQuality:2]]
[2020.04.10-21.07.16:094][  0]LogConfig: Setting CVar [[r.BloomQuality:5]]
[2020.04.10-21.07.16:094][  0]LogConfig: Setting CVar [[r.FastBlurThreshold:100]]
[2020.04.10-21.07.16:094][  0]LogConfig: Setting CVar [[r.Upscale.Quality:3]]
[2020.04.10-21.07.16:094][  0]LogConfig: Setting CVar [[r.Tonemapper.GrainQuantization:1]]
[2020.04.10-21.07.16:094][  0]LogConfig: Setting CVar [[r.LightShaftQuality:1]]
[2020.04.10-21.07.16:094][  0]LogConfig: Setting CVar [[r.Filter.SizeScale:1]]
[2020.04.10-21.07.16:094][  0]LogConfig: Setting CVar [[r.Tonemapper.Quality:5]]
[2020.04.10-21.07.16:094][  0]LogConfig: Setting CVar [[r.DOF.Gather.AccumulatorQuality:1        ; higher gathering accumulator quality]]
[2020.04.10-21.07.16:094][  0]LogConfig: Setting CVar [[r.DOF.Gather.PostfilterMethod:1          ; Median3x3 postfilering method]]
[2020.04.10-21.07.16:094][  0]LogConfig: Setting CVar [[r.DOF.Gather.EnableBokehSettings:0       ; no bokeh simulation when gathering]]
[2020.04.10-21.07.16:094][  0]LogConfig: Setting CVar [[r.DOF.Gather.RingCount:4                 ; medium number of samples when gathering]]
[2020.04.10-21.07.16:094][  0]LogConfig: Setting CVar [[r.DOF.Scatter.ForegroundCompositing:1    ; additive foreground scattering]]
[2020.04.10-21.07.16:094][  0]LogConfig: Setting CVar [[r.DOF.Scatter.BackgroundCompositing:2    ; additive background scattering]]
[2020.04.10-21.07.16:094][  0]LogConfig: Setting CVar [[r.DOF.Scatter.EnableBokehSettings:1      ; bokeh simulation when scattering]]
[2020.04.10-21.07.16:094][  0]LogConfig: Setting CVar [[r.DOF.Scatter.MaxSpriteRatio:0.1         ; only a maximum of 10% of scattered bokeh]]
[2020.04.10-21.07.16:094][  0]LogConfig: Setting CVar [[r.DOF.Recombine.Quality:1                ; cheap slight out of focus]]
[2020.04.10-21.07.16:094][  0]LogConfig: Setting CVar [[r.DOF.Recombine.EnableBokehSettings:0    ; no bokeh simulation on slight out of focus]]
[2020.04.10-21.07.16:094][  0]LogConfig: Setting CVar [[r.DOF.TemporalAAQuality:1                ; more stable temporal accumulation]]
[2020.04.10-21.07.16:094][  0]LogConfig: Setting CVar [[r.DOF.Kernel.MaxForegroundRadius:0.025]]
[2020.04.10-21.07.16:094][  0]LogConfig: Setting CVar [[r.DOF.Kernel.MaxBackgroundRadius:0.025]]
[2020.04.10-21.07.16:094][  0]LogConfig: Applying CVar settings from Section [TextureQuality@3] File [C:/Users/AmeerHamza/Documents/Unreal Projects/Unreal_Projects--Battle_Tank/BattleTank/Saved/Config/Windows/Scalability.ini]
[2020.04.10-21.07.16:094][  0]LogConfig: Setting CVar [[r.Streaming.MipBias:0]]
[2020.04.10-21.07.16:094][  0]LogConfig: Setting CVar [[r.Streaming.AmortizeCPUToGPUCopy:0]]
[2020.04.10-21.07.16:094][  0]LogConfig: Setting CVar [[r.Streaming.MaxNumTexturesToStreamPerFrame:0]]
[2020.04.10-21.07.16:094][  0]LogConfig: Setting CVar [[r.Streaming.Boost:1]]
[2020.04.10-21.07.16:094][  0]LogConfig: Setting CVar [[r.MaxAnisotropy:8]]
[2020.04.10-21.07.16:094][  0]LogConfig: Setting CVar [[r.VT.MaxAnisotropy:8]]
[2020.04.10-21.07.16:094][  0]LogConfig: Setting CVar [[r.Streaming.LimitPoolSizeToVRAM:0]]
[2020.04.10-21.07.16:094][  0]LogConfig: Setting CVar [[r.Streaming.PoolSize:1000]]
[2020.04.10-21.07.16:094][  0]LogConfig: Setting CVar [[r.Streaming.MaxEffectiveScreenSize:0]]
[2020.04.10-21.07.16:094][  0]LogConfig: Applying CVar settings from Section [EffectsQuality@3] File [C:/Users/AmeerHamza/Documents/Unreal Projects/Unreal_Projects--Battle_Tank/BattleTank/Saved/Config/Windows/Scalability.ini]
[2020.04.10-21.07.16:094][  0]LogConfig: Setting CVar [[r.TranslucencyLightingVolumeDim:64]]
[2020.04.10-21.07.16:094][  0]LogConfig: Setting CVar [[r.RefractionQuality:2]]
[2020.04.10-21.07.16:094][  0]LogConfig: Setting CVar [[r.SSR.Quality:3]]
[2020.04.10-21.07.16:094][  0]LogConfig: Setting CVar [[r.SSR.HalfResSceneColor:0]]
[2020.04.10-21.07.16:094][  0]LogConfig: Setting CVar [[r.SceneColorFormat:4]]
[2020.04.10-21.07.16:095][  0]LogConfig: Setting CVar [[r.DetailMode:2]]
[2020.04.10-21.07.16:095][  0]LogConfig: Setting CVar [[r.TranslucencyVolumeBlur:1]]
[2020.04.10-21.07.16:095][  0]LogConfig: Setting CVar [[r.MaterialQualityLevel:1 ; High quality]]
[2020.04.10-21.07.16:095][  0]LogConfig: Setting CVar [[r.SSS.Scale:1]]
[2020.04.10-21.07.16:095][  0]LogConfig: Setting CVar [[r.SSS.SampleSet:2]]
[2020.04.10-21.07.16:095][  0]LogConfig: Setting CVar [[r.SSS.Quality:1]]
[2020.04.10-21.07.16:095][  0]LogConfig: Setting CVar [[r.SSS.HalfRes:1]]
[2020.04.10-21.07.16:095][  0]LogConfig: Setting CVar [[r.SSGI.Quality:3]]
[2020.04.10-21.07.16:095][  0]LogConfig: Setting CVar [[r.EmitterSpawnRateScale:1.0]]
[2020.04.10-21.07.16:095][  0]LogConfig: Setting CVar [[r.ParticleLightQuality:2]]
[2020.04.10-21.07.16:095][  0]LogConfig: Setting CVar [[r.SkyAtmosphere.AerialPerspectiveLUT.FastApplyOnOpaque:1 ; Always have FastSkyLUT 1 in this case to avoid wrong sky]]
[2020.04.10-21.07.16:095][  0]LogConfig: Setting CVar [[r.SkyAtmosphere.AerialPerspectiveLUT.SampleCountPerSlice:1]]
[2020.04.10-21.07.16:095][  0]LogConfig: Setting CVar [[r.SkyAtmosphere.AerialPerspectiveLUT.DepthResolution:16.0]]
[2020.04.10-21.07.16:095][  0]LogConfig: Setting CVar [[r.SkyAtmosphere.FastSkyLUT:1]]
[2020.04.10-21.07.16:095][  0]LogConfig: Setting CVar [[r.SkyAtmosphere.FastSkyLUT.SampleCountMin:4.0]]
[2020.04.10-21.07.16:095][  0]LogConfig: Setting CVar [[r.SkyAtmosphere.FastSkyLUT.SampleCountMax:32.0]]
[2020.04.10-21.07.16:095][  0]LogConfig: Setting CVar [[r.SkyAtmosphere.SampleCountMin:4.0]]
[2020.04.10-21.07.16:095][  0]LogConfig: Setting CVar [[r.SkyAtmosphere.SampleCountMax:32.0]]
[2020.04.10-21.07.16:095][  0]LogConfig: Setting CVar [[r.SkyAtmosphere.TransmittanceLUT.UseSmallFormat:0]]
[2020.04.10-21.07.16:095][  0]LogConfig: Setting CVar [[r.SkyAtmosphere.TransmittanceLUT.SampleCount:10.0]]
[2020.04.10-21.07.16:095][  0]LogConfig: Setting CVar [[r.SkyAtmosphere.MultiScatteringLUT.SampleCount:15.0]]
[2020.04.10-21.07.16:095][  0]LogConfig: Applying CVar settings from Section [FoliageQuality@3] File [C:/Users/AmeerHamza/Documents/Unreal Projects/Unreal_Projects--Battle_Tank/BattleTank/Saved/Config/Windows/Scalability.ini]
[2020.04.10-21.07.16:095][  0]LogConfig: Setting CVar [[foliage.DensityScale:1.0]]
[2020.04.10-21.07.16:095][  0]LogConfig: Setting CVar [[grass.DensityScale:1.0]]
[2020.04.10-21.07.16:095][  0]LogConfig: Applying CVar settings from Section [ShadingQuality@3] File [C:/Users/AmeerHamza/Documents/Unreal Projects/Unreal_Projects--Battle_Tank/BattleTank/Saved/Config/Windows/Scalability.ini]
[2020.04.10-21.07.16:095][  0]LogConfig: Setting CVar [[r.HairStrands.SkyLighting.SampleCount:16]]
[2020.04.10-21.07.16:095][  0]LogConfig: Setting CVar [[r.HairStrands.SkyLighting.JitterIntegration:0]]
[2020.04.10-21.07.16:095][  0]LogConfig: Setting CVar [[r.HairStrands.SkyAO.SampleCount:16]]
[2020.04.10-21.07.16:095][  0]LogInit: Selected Device Profile: [Windows]
[2020.04.10-21.07.16:095][  0]LogInit: Applying CVar settings loaded from the selected device profile: [Windows]
[2020.04.10-21.07.16:097][  0]LogHAL: Display: Platform has ~ 16 GB [17063723008 / 17179869184 / 16], which maps to Larger [LargestMinGB=32, LargerMinGB=12, DefaultMinGB=8, SmallerMinGB=6, SmallestMinGB=0)
[2020.04.10-21.07.16:097][  0]LogInit: Going up to parent DeviceProfile []
[2020.04.10-21.07.16:097][  0]LogConfig: Applying CVar settings from Section [ViewDistanceQuality@3] File [C:/Users/AmeerHamza/Documents/Unreal Projects/Unreal_Projects--Battle_Tank/BattleTank/Saved/Config/Windows/Scalability.ini]
[2020.04.10-21.07.16:097][  0]LogConfig: Setting CVar [[r.SkeletalMeshLODBias:0]]
[2020.04.10-21.07.16:097][  0]LogConfig: Setting CVar [[r.ViewDistanceScale:1.0]]
[2020.04.10-21.07.16:097][  0]LogConfig: Applying CVar settings from Section [AntiAliasingQuality@3] File [C:/Users/AmeerHamza/Documents/Unreal Projects/Unreal_Projects--Battle_Tank/BattleTank/Saved/Config/Windows/Scalability.ini]
[2020.04.10-21.07.16:097][  0]LogConfig: Setting CVar [[r.PostProcessAAQuality:4]]
[2020.04.10-21.07.16:097][  0]LogConfig: Applying CVar settings from Section [ShadowQuality@3] File [C:/Users/AmeerHamza/Documents/Unreal Projects/Unreal_Projects--Battle_Tank/BattleTank/Saved/Config/Windows/Scalability.ini]
[2020.04.10-21.07.16:097][  0]LogConfig: Setting CVar [[r.LightFunctionQuality:1]]
[2020.04.10-21.07.16:097][  0]LogConfig: Setting CVar [[r.ShadowQuality:5]]
[2020.04.10-21.07.16:097][  0]LogConfig: Setting CVar [[r.Shadow.CSM.MaxCascades:10]]
[2020.04.10-21.07.16:097][  0]LogConfig: Setting CVar [[r.Shadow.MaxResolution:2048]]
[2020.04.10-21.07.16:097][  0]LogConfig: Setting CVar [[r.Shadow.MaxCSMResolution:2048]]
[2020.04.10-21.07.16:097][  0]LogConfig: Setting CVar [[r.Shadow.RadiusThreshold:0.01]]
[2020.04.10-21.07.16:097][  0]LogConfig: Setting CVar [[r.Shadow.DistanceScale:1.0]]
[2020.04.10-21.07.16:097][  0]LogConfig: Setting CVar [[r.Shadow.CSM.TransitionScale:1.0]]
[2020.04.10-21.07.16:097][  0]LogConfig: Setting CVar [[r.Shadow.PreShadowResolutionFactor:1.0]]
[2020.04.10-21.07.16:097][  0]LogConfig: Setting CVar [[r.DistanceFieldShadowing:1]]
[2020.04.10-21.07.16:097][  0]LogConfig: Setting CVar [[r.DistanceFieldAO:1]]
[2020.04.10-21.07.16:097][  0]LogConfig: Setting CVar [[r.AOQuality:2]]
[2020.04.10-21.07.16:097][  0]LogConfig: Setting CVar [[r.VolumetricFog:1]]
[2020.04.10-21.07.16:097][  0]LogConfig: Setting CVar [[r.VolumetricFog.GridPixelSize:8]]
[2020.04.10-21.07.16:097][  0]LogConfig: Setting CVar [[r.VolumetricFog.GridSizeZ:128]]
[2020.04.10-21.07.16:097][  0]LogConfig: Setting CVar [[r.VolumetricFog.HistoryMissSupersampleCount:4]]
[2020.04.10-21.07.16:097][  0]LogConfig: Setting CVar [[r.LightMaxDrawDistanceScale:1]]
[2020.04.10-21.07.16:097][  0]LogConfig: Setting CVar [[r.CapsuleShadows:1]]
[2020.04.10-21.07.16:097][  0]LogConfig: Applying CVar settings from Section [PostProcessQuality@3] File [C:/Users/AmeerHamza/Documents/Unreal Projects/Unreal_Projects--Battle_Tank/BattleTank/Saved/Config/Windows/Scalability.ini]
[2020.04.10-21.07.16:097][  0]LogConfig: Setting CVar [[r.MotionBlurQuality:4]]
[2020.04.10-21.07.16:097][  0]LogConfig: Setting CVar [[r.AmbientOcclusionMipLevelFactor:0.4]]
[2020.04.10-21.07.16:097][  0]LogConfig: Setting CVar [[r.AmbientOcclusionMaxQuality:100]]
[2020.04.10-21.07.16:097][  0]LogConfig: Setting CVar [[r.AmbientOcclusionLevels:-1]]
[2020.04.10-21.07.16:098][  0]LogConfig: Setting CVar [[r.AmbientOcclusionRadiusScale:1.0]]
[2020.04.10-21.07.16:098][  0]LogConfig: Setting CVar [[r.DepthOfFieldQuality:2]]
[2020.04.10-21.07.16:098][  0]LogConfig: Setting CVar [[r.RenderTargetPoolMin:400]]
[2020.04.10-21.07.16:098][  0]LogConfig: Setting CVar [[r.LensFlareQuality:2]]
[2020.04.10-21.07.16:098][  0]LogConfig: Setting CVar [[r.SceneColorFringeQuality:1]]
[2020.04.10-21.07.16:098][  0]LogConfig: Setting CVar [[r.EyeAdaptationQuality:2]]
[2020.04.10-21.07.16:098][  0]LogConfig: Setting CVar [[r.BloomQuality:5]]
[2020.04.10-21.07.16:098][  0]LogConfig: Setting CVar [[r.FastBlurThreshold:100]]
[2020.04.10-21.07.16:098][  0]LogConfig: Setting CVar [[r.Upscale.Quality:3]]
[2020.04.10-21.07.16:098][  0]LogConfig: Setting CVar [[r.Tonemapper.GrainQuantization:1]]
[2020.04.10-21.07.16:098][  0]LogConfig: Setting CVar [[r.LightShaftQuality:1]]
[2020.04.10-21.07.16:098][  0]LogConfig: Setting CVar [[r.Filter.SizeScale:1]]
[2020.04.10-21.07.16:098][  0]LogConfig: Setting CVar [[r.Tonemapper.Quality:5]]
[2020.04.10-21.07.16:098][  0]LogConfig: Setting CVar [[r.DOF.Gather.AccumulatorQuality:1        ; higher gathering accumulator quality]]
[2020.04.10-21.07.16:098][  0]LogConfig: Setting CVar [[r.DOF.Gather.PostfilterMethod:1          ; Median3x3 postfilering method]]
[2020.04.10-21.07.16:098][  0]LogConfig: Setting CVar [[r.DOF.Gather.EnableBokehSettings:0       ; no bokeh simulation when gathering]]
[2020.04.10-21.07.16:098][  0]LogConfig: Setting CVar [[r.DOF.Gather.RingCount:4                 ; medium number of samples when gathering]]
[2020.04.10-21.07.16:098][  0]LogConfig: Setting CVar [[r.DOF.Scatter.ForegroundCompositing:1    ; additive foreground scattering]]
[2020.04.10-21.07.16:098][  0]LogConfig: Setting CVar [[r.DOF.Scatter.BackgroundCompositing:2    ; additive background scattering]]
[2020.04.10-21.07.16:098][  0]LogConfig: Setting CVar [[r.DOF.Scatter.EnableBokehSettings:1      ; bokeh simulation when scattering]]
[2020.04.10-21.07.16:098][  0]LogConfig: Setting CVar [[r.DOF.Scatter.MaxSpriteRatio:0.1         ; only a maximum of 10% of scattered bokeh]]
[2020.04.10-21.07.16:098][  0]LogConfig: Setting CVar [[r.DOF.Recombine.Quality:1                ; cheap slight out of focus]]
[2020.04.10-21.07.16:098][  0]LogConfig: Setting CVar [[r.DOF.Recombine.EnableBokehSettings:0    ; no bokeh simulation on slight out of focus]]
[2020.04.10-21.07.16:098][  0]LogConfig: Setting CVar [[r.DOF.TemporalAAQuality:1                ; more stable temporal accumulation]]
[2020.04.10-21.07.16:098][  0]LogConfig: Setting CVar [[r.DOF.Kernel.MaxForegroundRadius:0.025]]
[2020.04.10-21.07.16:098][  0]LogConfig: Setting CVar [[r.DOF.Kernel.MaxBackgroundRadius:0.025]]
[2020.04.10-21.07.16:098][  0]LogConfig: Applying CVar settings from Section [TextureQuality@3] File [C:/Users/AmeerHamza/Documents/Unreal Projects/Unreal_Projects--Battle_Tank/BattleTank/Saved/Config/Windows/Scalability.ini]
[2020.04.10-21.07.16:098][  0]LogConfig: Setting CVar [[r.Streaming.MipBias:0]]
[2020.04.10-21.07.16:098][  0]LogConfig: Setting CVar [[r.Streaming.AmortizeCPUToGPUCopy:0]]
[2020.04.10-21.07.16:098][  0]LogConfig: Setting CVar [[r.Streaming.MaxNumTexturesToStreamPerFrame:0]]
[2020.04.10-21.07.16:098][  0]LogConfig: Setting CVar [[r.Streaming.Boost:1]]
[2020.04.10-21.07.16:098][  0]LogConfig: Setting CVar [[r.MaxAnisotropy:8]]
[2020.04.10-21.07.16:098][  0]LogConfig: Setting CVar [[r.VT.MaxAnisotropy:8]]
[2020.04.10-21.07.16:098][  0]LogConfig: Setting CVar [[r.Streaming.LimitPoolSizeToVRAM:0]]
[2020.04.10-21.07.16:098][  0]LogConfig: Setting CVar [[r.Streaming.PoolSize:1000]]
[2020.04.10-21.07.16:098][  0]LogConfig: Setting CVar [[r.Streaming.MaxEffectiveScreenSize:0]]
[2020.04.10-21.07.16:098][  0]LogConfig: Applying CVar settings from Section [EffectsQuality@3] File [C:/Users/AmeerHamza/Documents/Unreal Projects/Unreal_Projects--Battle_Tank/BattleTank/Saved/Config/Windows/Scalability.ini]
[2020.04.10-21.07.16:098][  0]LogConfig: Setting CVar [[r.TranslucencyLightingVolumeDim:64]]
[2020.04.10-21.07.16:098][  0]LogConfig: Setting CVar [[r.RefractionQuality:2]]
[2020.04.10-21.07.16:098][  0]LogConfig: Setting CVar [[r.SSR.Quality:3]]
[2020.04.10-21.07.16:098][  0]LogConfig: Setting CVar [[r.SSR.HalfResSceneColor:0]]
[2020.04.10-21.07.16:098][  0]LogConfig: Setting CVar [[r.SceneColorFormat:4]]
[2020.04.10-21.07.16:098][  0]LogConfig: Setting CVar [[r.DetailMode:2]]
[2020.04.10-21.07.16:098][  0]LogConfig: Setting CVar [[r.TranslucencyVolumeBlur:1]]
[2020.04.10-21.07.16:098][  0]LogConfig: Setting CVar [[r.MaterialQualityLevel:1 ; High quality]]
[2020.04.10-21.07.16:098][  0]LogConfig: Setting CVar [[r.SSS.Scale:1]]
[2020.04.10-21.07.16:098][  0]LogConfig: Setting CVar [[r.SSS.SampleSet:2]]
[2020.04.10-21.07.16:098][  0]LogConfig: Setting CVar [[r.SSS.Quality:1]]
[2020.04.10-21.07.16:098][  0]LogConfig: Setting CVar [[r.SSS.HalfRes:1]]
[2020.04.10-21.07.16:098][  0]LogConfig: Setting CVar [[r.SSGI.Quality:3]]
[2020.04.10-21.07.16:098][  0]LogConfig: Setting CVar [[r.EmitterSpawnRateScale:1.0]]
[2020.04.10-21.07.16:098][  0]LogConfig: Setting CVar [[r.ParticleLightQuality:2]]
[2020.04.10-21.07.16:098][  0]LogConfig: Setting CVar [[r.SkyAtmosphere.AerialPerspectiveLUT.FastApplyOnOpaque:1 ; Always have FastSkyLUT 1 in this case to avoid wrong sky]]
[2020.04.10-21.07.16:098][  0]LogConfig: Setting CVar [[r.SkyAtmosphere.AerialPerspectiveLUT.SampleCountPerSlice:1]]
[2020.04.10-21.07.16:098][  0]LogConfig: Setting CVar [[r.SkyAtmosphere.AerialPerspectiveLUT.DepthResolution:16.0]]
[2020.04.10-21.07.16:098][  0]LogConfig: Setting CVar [[r.SkyAtmosphere.FastSkyLUT:1]]
[2020.04.10-21.07.16:098][  0]LogConfig: Setting CVar [[r.SkyAtmosphere.FastSkyLUT.SampleCountMin:4.0]]
[2020.04.10-21.07.16:098][  0]LogConfig: Setting CVar [[r.SkyAtmosphere.FastSkyLUT.SampleCountMax:32.0]]
[2020.04.10-21.07.16:098][  0]LogConfig: Setting CVar [[r.SkyAtmosphere.SampleCountMin:4.0]]
[2020.04.10-21.07.16:098][  0]LogConfig: Setting CVar [[r.SkyAtmosphere.SampleCountMax:32.0]]
[2020.04.10-21.07.16:098][  0]LogConfig: Setting CVar [[r.SkyAtmosphere.TransmittanceLUT.UseSmallFormat:0]]
[2020.04.10-21.07.16:098][  0]LogConfig: Setting CVar [[r.SkyAtmosphere.TransmittanceLUT.SampleCount:10.0]]
[2020.04.10-21.07.16:098][  0]LogConfig: Setting CVar [[r.SkyAtmosphere.MultiScatteringLUT.SampleCount:15.0]]
[2020.04.10-21.07.16:098][  0]LogConfig: Applying CVar settings from Section [FoliageQuality@3] File [C:/Users/AmeerHamza/Documents/Unreal Projects/Unreal_Projects--Battle_Tank/BattleTank/Saved/Config/Windows/Scalability.ini]
[2020.04.10-21.07.16:098][  0]LogConfig: Setting CVar [[foliage.DensityScale:1.0]]
[2020.04.10-21.07.16:098][  0]LogConfig: Setting CVar [[grass.DensityScale:1.0]]
[2020.04.10-21.07.16:098][  0]LogConfig: Applying CVar settings from Section [ShadingQuality@3] File [C:/Users/AmeerHamza/Documents/Unreal Projects/Unreal_Projects--Battle_Tank/BattleTank/Saved/Config/Windows/Scalability.ini]
[2020.04.10-21.07.16:098][  0]LogConfig: Setting CVar [[r.HairStrands.SkyLighting.SampleCount:16]]
[2020.04.10-21.07.16:098][  0]LogConfig: Setting CVar [[r.HairStrands.SkyLighting.JitterIntegration:0]]
[2020.04.10-21.07.16:098][  0]LogConfig: Setting CVar [[r.HairStrands.SkyAO.SampleCount:16]]
[2020.04.10-21.07.16:098][  0]LogConfig: Applying CVar settings from Section [Startup] File [../../../Engine/Config/ConsoleVariables.ini]
[2020.04.10-21.07.16:098][  0]LogConfig: Setting CVar [[net.UseAdaptiveNetUpdateFrequency:0]]
[2020.04.10-21.07.16:099][  0]LogConfig: Setting CVar [[p.chaos.AllowCreatePhysxBodies:1]]
[2020.04.10-21.07.16:099][  0]LogConfig: Applying CVar settings from Section [ConsoleVariables] File [C:/Users/AmeerHamza/Documents/Unreal Projects/Unreal_Projects--Battle_Tank/BattleTank/Saved/Config/Windows/Engine.ini]
[2020.04.10-21.07.16:099][  0]LogInit: Computer: DESKTOP-GET4BMK
[2020.04.10-21.07.16:099][  0]LogInit: User: AmeerHamza
[2020.04.10-21.07.16:099][  0]LogInit: CPU Page size=4096, Cores=4
[2020.04.10-21.07.16:099][  0]LogInit: High frequency timer resolution =10.000000 MHz
[2020.04.10-21.07.16:099][  0]LogMemory: Memory total: Physical=15.9GB (16GB approx)
[2020.04.10-21.07.16:099][  0]LogMemory: Platform Memory Stats for Windows
[2020.04.10-21.07.16:099][  0]LogMemory: Process Physical Memory: 106.30 MB used, 106.31 MB peak
[2020.04.10-21.07.16:099][  0]LogMemory: Process Virtual Memory: 100.90 MB used, 100.90 MB peak
[2020.04.10-21.07.16:099][  0]LogMemory: Physical Memory: 9898.56 MB used,  6374.68 MB free, 16273.23 MB total
[2020.04.10-21.07.16:099][  0]LogMemory: Virtual Memory: 5137.57 MB used,  134212592.00 MB free, 134217728.00 MB total
[2020.04.10-21.07.16:130][  0]LogWindows: WindowsPlatformFeatures enabled
[2020.04.10-21.07.16:144][  0]LogInit: Using OS detected language (en-US).
[2020.04.10-21.07.16:144][  0]LogInit: Using OS detected locale (en-US).
[2020.04.10-21.07.16:145][  0]LogTextLocalizationManager: No specific localization for 'en-US' exists, so the 'en' localization will be used.
[2020.04.10-21.07.16:289][  0]LogInit: Setting process to per monitor DPI aware
[2020.04.10-21.07.16:317][  0]LogSlate: New Slate User Created.  User Index 0, Is Virtual User: 0
[2020.04.10-21.07.16:317][  0]LogSlate: Slate User Registered.  User Index 0, Is Virtual User: 0
[2020.04.10-21.07.16:441][  0]LogHMD: Failed to initialize OpenVR with code 110
[2020.04.10-21.07.16:441][  0]LogD3D11RHI: D3D11 min allowed feature level: 11_0
[2020.04.10-21.07.16:441][  0]LogD3D11RHI: D3D11 max allowed feature level: 11_0
[2020.04.10-21.07.16:441][  0]LogD3D11RHI: D3D11 adapters:
[2020.04.10-21.07.16:507][  0]LogD3D11RHI:    0. 'NVIDIA GeForce GTX 1050 Ti' (Feature Level 11_0)
[2020.04.10-21.07.16:507][  0]LogD3D11RHI:       4018/0/8136 MB DedicatedVideo/DedicatedSystem/SharedSystem, Outputs:1, VendorId:0x10de
[2020.04.10-21.07.16:529][  0]LogD3D11RHI:    1. 'Intel(R) UHD Graphics 630' (Feature Level 11_0)
[2020.04.10-21.07.16:529][  0]LogD3D11RHI:       128/0/8136 MB DedicatedVideo/DedicatedSystem/SharedSystem, Outputs:1, VendorId:0x8086
[2020.04.10-21.07.16:531][  0]LogD3D11RHI:    2. 'Microsoft Basic Render Driver' (Feature Level 11_0)
[2020.04.10-21.07.16:531][  0]LogD3D11RHI:       0/0/8136 MB DedicatedVideo/DedicatedSystem/SharedSystem, Outputs:0, VendorId:0x1414
[2020.04.10-21.07.16:531][  0]LogD3D11RHI: Chosen D3D11 Adapter: 0
[2020.04.10-21.07.16:539][  0]LogD3D11RHI: Creating new Direct3DDevice
[2020.04.10-21.07.16:539][  0]LogD3D11RHI:     GPU DeviceId: 0x1c8c (for the marketing name, search the web for "GPU Device Id")
[2020.04.10-21.07.16:539][  0]LogWindows: EnumDisplayDevices:
[2020.04.10-21.07.16:540][  0]LogWindows:    0. 'Intel(R) UHD Graphics 630' (P:0 D:1)
[2020.04.10-21.07.16:540][  0]LogWindows:    1. 'Intel(R) UHD Graphics 630' (P:0 D:0)
[2020.04.10-21.07.16:540][  0]LogWindows:    2. 'Intel(R) UHD Graphics 630' (P:0 D:0)
[2020.04.10-21.07.16:540][  0]LogWindows:    3. 'NVIDIA GeForce GTX 1050 Ti' (P:1 D:1)
[2020.04.10-21.07.16:540][  0]LogWindows: DebugString: PrimaryIsNotTheChoosenAdapter PrimaryIsNotTheChoosenAdapter PrimaryIsNotTheChoosenAdapter 
[2020.04.10-21.07.16:540][  0]LogD3D11RHI:     Adapter Name: NVIDIA GeForce GTX 1050 Ti
[2020.04.10-21.07.16:540][  0]LogD3D11RHI:   Driver Version: 442.19 (internal:26.21.14.4219, unified:442.19)
[2020.04.10-21.07.16:540][  0]LogD3D11RHI:      Driver Date: 1-29-2020
[2020.04.10-21.07.16:540][  0]LogRHI: Texture pool is 2812 MB (70% of 4018 MB)
[2020.04.10-21.07.16:581][  0]LogD3D11RHI: RHI has support for 64 bit atomics
[2020.04.10-21.07.16:581][  0]LogD3D11RHI: Async texture creation enabled
[2020.04.10-21.07.16:599][  0]LogD3D11RHI: GPU Timing Frequency: 1000.000000 (Debug: 2 1)
[2020.04.10-21.07.16:914][  0]LogTargetPlatformManager: Display: Loaded TargetPlatform 'AllDesktop'
[2020.04.10-21.07.16:946][  0]LogTargetPlatformManager: Display: Loaded TargetPlatform 'Android'
[2020.04.10-21.07.16:946][  0]LogTargetPlatformManager: Display: Loaded TargetPlatform 'Android_ASTC'
[2020.04.10-21.07.16:946][  0]LogTargetPlatformManager: Display: Loaded TargetPlatform 'Android_ATC'
[2020.04.10-21.07.16:946][  0]LogTargetPlatformManager: Display: Loaded TargetPlatform 'Android_DXT'
[2020.04.10-21.07.16:946][  0]LogTargetPlatformManager: Display: Loaded TargetPlatform 'Android_ETC1'
[2020.04.10-21.07.16:946][  0]LogTargetPlatformManager: Display: Loaded TargetPlatform 'Android_ETC1a'
[2020.04.10-21.07.16:946][  0]LogTargetPlatformManager: Display: Loaded TargetPlatform 'Android_ETC2'
[2020.04.10-21.07.16:946][  0]LogTargetPlatformManager: Display: Loaded TargetPlatform 'Android_PVRTC'
[2020.04.10-21.07.16:946][  0]LogTargetPlatformManager: Display: Loaded TargetPlatform 'AndroidClient'
[2020.04.10-21.07.16:946][  0]LogTargetPlatformManager: Display: Loaded TargetPlatform 'Android_ASTCClient'
[2020.04.10-21.07.16:946][  0]LogTargetPlatformManager: Display: Loaded TargetPlatform 'Android_ATCClient'
[2020.04.10-21.07.16:946][  0]LogTargetPlatformManager: Display: Loaded TargetPlatform 'Android_DXTClient'
[2020.04.10-21.07.16:946][  0]LogTargetPlatformManager: Display: Loaded TargetPlatform 'Android_ETC1Client'
[2020.04.10-21.07.16:946][  0]LogTargetPlatformManager: Display: Loaded TargetPlatform 'Android_ETC1aClient'
[2020.04.10-21.07.16:946][  0]LogTargetPlatformManager: Display: Loaded TargetPlatform 'Android_ETC2Client'
[2020.04.10-21.07.16:946][  0]LogTargetPlatformManager: Display: Loaded TargetPlatform 'Android_PVRTCClient'
[2020.04.10-21.07.16:946][  0]LogTargetPlatformManager: Display: Loaded TargetPlatform 'Android_Multi'
[2020.04.10-21.07.16:946][  0]LogTargetPlatformManager: Display: Loaded TargetPlatform 'Android_MultiClient'
[2020.04.10-21.07.16:963][  0]LogTargetPlatformManager: Display: Loaded TargetPlatform 'IOSClient'
[2020.04.10-21.07.16:963][  0]LogTargetPlatformManager: Display: Loaded TargetPlatform 'IOS'
[2020.04.10-21.07.16:969][  0]LogTargetPlatformManager: Display: Loaded TargetPlatform 'LinuxNoEditor'
[2020.04.10-21.07.16:975][  0]LogTargetPlatformManager: Display: Loaded TargetPlatform 'LinuxClient'
[2020.04.10-21.07.16:981][  0]LogTargetPlatformManager: Display: Loaded TargetPlatform 'LinuxServer'
[2020.04.10-21.07.16:988][  0]LogTargetPlatformManager: Display: Loaded TargetPlatform 'LinuxAArch64NoEditor'
[2020.04.10-21.07.16:994][  0]LogTargetPlatformManager: Display: Loaded TargetPlatform 'LinuxAArch64Client'
[2020.04.10-21.07.17:000][  0]LogTargetPlatformManager: Display: Loaded TargetPlatform 'LinuxAArch64Server'
[2020.04.10-21.07.17:021][  0]LogTargetPlatformManager: Display: Loaded TargetPlatform 'Lumin'
[2020.04.10-21.07.17:021][  0]LogTargetPlatformManager: Display: Loaded TargetPlatform 'LuminClient'
[2020.04.10-21.07.17:033][  0]LogTargetPlatformManager: Display: Loaded TargetPlatform 'TVOSClient'
[2020.04.10-21.07.17:033][  0]LogTargetPlatformManager: Display: Loaded TargetPlatform 'TVOS'
[2020.04.10-21.07.17:039][  0]LogTargetPlatformManager: Display: Loaded TargetPlatform 'WindowsNoEditor'
[2020.04.10-21.07.17:045][  0]LogTargetPlatformManager: Display: Loaded TargetPlatform 'Windows'
[2020.04.10-21.07.17:051][  0]LogTargetPlatformManager: Display: Loaded TargetPlatform 'WindowsClient'
[2020.04.10-21.07.17:058][  0]LogTargetPlatformManager: Display: Loaded TargetPlatform 'WindowsServer'
[2020.04.10-21.07.17:058][  0]LogTargetPlatformManager: Display: Building Assets For Windows
[2020.04.10-21.07.17:060][  0]LogAudioDebug: Display: Lib vorbis DLL was dynamically loaded.
[2020.04.10-21.07.17:078][  0]LogShaderCompilers: Guid format shader working directory is -50 characters bigger than the processId version (../../../../../../Users/AmeerHamza/Documents/Unreal Projects/Unreal_Projects--Battle_Tank/BattleTank/Intermediate/Shaders/WorkingDirectory/14412/).
[2020.04.10-21.07.17:078][  0]LogShaderCompilers: Cleaned the shader compiler working directory 'C:/Users/AmeerHamza/AppData/Local/Temp/UnrealShaderWorkingDir/E3803710444B6A2129C37DB59A3AC63B/'.
[2020.04.10-21.07.17:078][  0]LogXGEController: Cannot use XGE Controller as Incredibuild is not installed on this machine.
[2020.04.10-21.07.17:078][  0]LogShaderCompilers: Cannot use XGE Shader Compiler as Incredibuild is not installed on this machine.
[2020.04.10-21.07.17:078][  0]LogShaderCompilers: Display: Using Local Shader Compiler.
[2020.04.10-21.07.17:715][  0]LogDerivedDataCache: Display: Max Cache Size: 512 MB
[2020.04.10-21.07.17:762][  0]LogDerivedDataCache: Loaded boot cache 0.05s 78MB C:/Users/AmeerHamza/AppData/Local/UnrealEngine/4.24/DerivedDataCache/Boot.ddc.
[2020.04.10-21.07.17:762][  0]LogDerivedDataCache: Display: Loaded Boot cache: C:/Users/AmeerHamza/AppData/Local/UnrealEngine/4.24/DerivedDataCache/Boot.ddc
[2020.04.10-21.07.17:762][  0]LogDerivedDataCache: FDerivedDataBackendGraph:  Pak pak cache file ../../../../../../Users/AmeerHamza/Documents/Unreal Projects/Unreal_Projects--Battle_Tank/BattleTank/DerivedDataCache/DDC.ddp not found, will not use a pak cache.
[2020.04.10-21.07.17:762][  0]LogDerivedDataCache: Unable to find inner node Pak for hierarchical cache Hierarchy.
[2020.04.10-21.07.17:762][  0]LogDerivedDataCache: FDerivedDataBackendGraph:  CompressedPak pak cache file ../../../../../../Users/AmeerHamza/Documents/Unreal Projects/Unreal_Projects--Battle_Tank/BattleTank/DerivedDataCache/Compressed.ddp not found, will not use a pak cache.
[2020.04.10-21.07.17:762][  0]LogDerivedDataCache: Unable to find inner node CompressedPak for hierarchical cache Hierarchy.
[2020.04.10-21.07.17:771][  0]LogDerivedDataCache: Display: Pak cache opened for reading ../../../Engine/DerivedDataCache/Compressed.ddp.
[2020.04.10-21.07.17:771][  0]LogDerivedDataCache: FDerivedDataBackendGraph:  EnterprisePak pak cache file ../../../Enterprise/DerivedDataCache/Compressed.ddp not found, will not use a pak cache.
[2020.04.10-21.07.17:771][  0]LogDerivedDataCache: Unable to find inner node EnterprisePak for hierarchical cache Hierarchy.
[2020.04.10-21.07.17:772][  0]LogDerivedDataCache: Using Local data cache path C:/Users/AmeerHamza/AppData/Local/UnrealEngine/Common/DerivedDataCache: Writable
[2020.04.10-21.07.17:772][  0]LogDerivedDataCache: Shared data cache path not found in *engine.ini, will not use an Shared cache.
[2020.04.10-21.07.17:772][  0]LogDerivedDataCache: Unable to find inner node Shared for hierarchical cache Hierarchy.
[2020.04.10-21.07.17:798][  0]LogMaterial: Verifying Global Shaders for PCD3D_SM5
[2020.04.10-21.07.17:800][  0]LogSlate: Using FreeType 2.10.0
[2020.04.10-21.07.17:800][  0]LogSlate: SlateFontServices - WITH_FREETYPE: 1, WITH_HARFBUZZ: 1
[2020.04.10-21.07.17:842][  0]LogAssetRegistry: FAssetRegistry took 0.0022 seconds to start up
[2020.04.10-21.07.18:097][  0]LogInit: Selected Device Profile: [Windows]
[2020.04.10-21.07.18:238][  0]LogMeshReduction: Using QuadricMeshReduction for automatic static mesh reduction
[2020.04.10-21.07.18:238][  0]LogMeshReduction: Using SimplygonMeshReduction for automatic skeletal mesh reduction
[2020.04.10-21.07.18:238][  0]LogMeshReduction: Using ProxyLODMeshReduction for automatic mesh merging
[2020.04.10-21.07.18:238][  0]LogMeshReduction: No distributed automatic mesh merging module available
[2020.04.10-21.07.18:238][  0]LogMeshMerging: No distributed automatic mesh merging module available
[2020.04.10-21.07.18:248][  0]LogNetVersion: BattleTank 1.0.0, NetCL: 10570792, EngineNetVer: 13, GameNetVer: 0 (Checksum: 3966753451)
[2020.04.10-21.07.19:149][  0]LogPackageLocalizationCache: Processed 10 localized package path(s) for 1 prioritized culture(s) in 0.049343 seconds
[2020.04.10-21.07.19:156][  0]LogUObjectArray: 46750 objects as part of root set at end of initial load.
[2020.04.10-21.07.19:156][  0]LogUObjectAllocator: 8137160 out of 0 bytes used by permanent object pool.
[2020.04.10-21.07.19:156][  0]LogUObjectArray: CloseDisregardForGC: 0/0 objects in disregard for GC pool
[2020.04.10-21.07.19:495][  0]LogTcpMessaging: Initializing TcpMessaging bridge
[2020.04.10-21.07.19:498][  0]LogUdpMessaging: Initializing bridge on interface 0.0.0.0:0 to multicast group 230.0.0.1:6666.
[2020.04.10-21.07.19:540][  0]SourceControl: Source control is disabled
[2020.04.10-21.07.19:541][  0]SourceControl: Source control is disabled
[2020.04.10-21.07.19:541][  0]SourceControl: Source control is disabled
[2020.04.10-21.07.19:542][  0]SourceControl: Source control is disabled
[2020.04.10-21.07.19:542][  0]SourceControl: Source control is disabled
[2020.04.10-21.07.19:608][  0]LogAndroidPermission: UAndroidPermissionCallbackProxy::GetInstance
[2020.04.10-21.07.19:615][  0]LogAudioCaptureCore: Display: No Audio Capture implementations found. Audio input will be silent.
[2020.04.10-21.07.19:615][  0]LogAudioCaptureCore: Display: No Audio Capture implementations found. Audio input will be silent.
[2020.04.10-21.07.19:688][  0]LogOcInput: OculusInput pre-init called
[2020.04.10-21.07.19:695][  0]LogWindows: Failed to load 'OVRPlugin.dll' (GetLastError=126)
[2020.04.10-21.07.19:695][  0]LogWindows: File 'OVRPlugin.dll' does not exist
[2020.04.10-21.07.19:753][  0]LogEngine: Initializing Engine...
[2020.04.10-21.07.19:754][  0]LogHMD: Failed to initialize OpenVR with code 110
[2020.04.10-21.07.19:755][  0]LogStats: UGameplayTagsManager::InitializeManager -  0.000 s
[2020.04.10-21.07.20:052][  0]LogInit: Initializing FReadOnlyCVARCache
[2020.04.10-21.07.20:058][  0]LogAIModule: Creating AISystem for world Untitled
[2020.04.10-21.07.20:075][  0]LogAudioMixer: Display: Audio Mixer Platform Settings:
[2020.04.10-21.07.20:075][  0]LogAudioMixer: Display: 	Sample Rate:						  48000
[2020.04.10-21.07.20:075][  0]LogAudioMixer: Display: 	Callback Buffer Frame Size Requested: 1024
[2020.04.10-21.07.20:075][  0]LogAudioMixer: Display: 	Callback Buffer Frame Size To Use:	  1024
[2020.04.10-21.07.20:075][  0]LogAudioMixer: Display: 	Number of buffers to queue:			  1
[2020.04.10-21.07.20:075][  0]LogAudioMixer: Display: 	Max Channels (voices):				  0
[2020.04.10-21.07.20:075][  0]LogAudioMixer: Display: 	Number of Async Source Workers:		  4
[2020.04.10-21.07.20:075][  0]LogAudio: Display: AudioDevice MaxSources: 32
[2020.04.10-21.07.20:075][  0]LogAudio: Display: Using built-in audio occlusion.
[2020.04.10-21.07.20:075][  0]LogAudioMixer: Display: Initializing audio mixer.
[2020.04.10-21.07.20:098][  0]LogAudioMixer: Display: Audio Device Output Speaker Info:
[2020.04.10-21.07.20:098][  0]LogAudioMixer: Display: Name: Speaker/Headphone (USB Audio Device)
[2020.04.10-21.07.20:098][  0]LogAudioMixer: Display: Is Default: Yes
[2020.04.10-21.07.20:098][  0]LogAudioMixer: Display: Sample Rate: 48000
[2020.04.10-21.07.20:098][  0]LogAudioMixer: Display: Channel Count Used: 2
[2020.04.10-21.07.20:098][  0]LogAudioMixer: Display: Device Channel Count: 2
[2020.04.10-21.07.20:098][  0]LogAudioMixer: Display: Channel Order:
[2020.04.10-21.07.20:098][  0]LogAudioMixer: Display: 0: FrontLeft
[2020.04.10-21.07.20:098][  0]LogAudioMixer: Display: 1: FrontRight
[2020.04.10-21.07.20:114][  0]LogAudioMixer: Display: Using Audio Device Speaker/Headphone (USB Audio Device)
[2020.04.10-21.07.20:119][  0]LogInit: FAudioDevice initialized.
[2020.04.10-21.07.20:119][  0]LogNetVersion: Set ProjectVersion to 1.0.0.0. Version Checksum will be recalculated on next use.
[2020.04.10-21.07.20:162][  0]LogDerivedDataCache: Saved boot cache 0.04s 78MB C:/Users/AmeerHamza/AppData/Local/UnrealEngine/4.24/DerivedDataCache/Boot.ddc.
[2020.04.10-21.07.20:163][  0]LogInit: Texture streaming: Enabled
[2020.04.10-21.07.20:170][  0]LogEngineSessionManager: EngineSessionManager initialized
[2020.04.10-21.07.20:170][  0]LogEditorSessionSummary: Verbose: Initializing EditorSessionSummaryWriter for editor session tracking
[2020.04.10-21.07.20:172][  0]LogEditorSessionSummary: EditorSessionSummaryWriter initialized
[2020.04.10-21.07.20:214][  0]LogInit: Transaction tracking system initialized
[2020.04.10-21.07.20:221][  0]BlueprintLog: New page: Editor Load
[2020.04.10-21.07.20:248][  0]LocalizationService: Localization service is disabled
[2020.04.10-21.07.20:543][  0]LogFileCache: Scanning file cache for directory 'C:/Users/AmeerHamza/Documents/Unreal Projects/Unreal_Projects--Battle_Tank/BattleTank/Content/' took 0.00s
[2020.04.10-21.07.20:543][  0]LogCook: Display: Max memory allowance for cook 16384mb min free memory 0mb
[2020.04.10-21.07.20:543][  0]LogCook: Display: Mobile HDR setting 1
[2020.04.10-21.07.21:076][  0]SourceControl: Source control is disabled
[2020.04.10-21.07.21:077][  0]Cmd: MAP LOAD FILE="../../../../../../Users/AmeerHamza/Documents/Unreal Projects/Unreal_Projects--Battle_Tank/BattleTank/Content/_Levels/BattleGround.umap" TEMPLATE=0 SHOWPROGRESS=1 FEATURELEVEL=3
[2020.04.10-21.07.21:077][  0]LightingResults: New page: Lighting Build
[2020.04.10-21.07.21:077][  0]LogWorld: UWorld::CleanupWorld for Untitled, bSessionEnded=true, bCleanupResources=true
[2020.04.10-21.07.21:077][  0]LogSlate: InvalidateAllWidgets triggered.  All widgets were invalidated
[2020.04.10-21.07.21:077][  0]MapCheck: New page: Map Check
[2020.04.10-21.07.21:078][  0]LightingResults: New page: Lighting Build
[2020.04.10-21.07.21:099][  0]LogUObjectHash: Compacting FUObjectHashTables data took   1.92ms
[2020.04.10-21.07.21:316][  0]LogAIModule: Creating AISystem for world BattleGround
[2020.04.10-21.07.21:360][  0]LogEditorServer: Finished looking for orphan Actors (0.000 secs)
[2020.04.10-21.07.21:393][  0]LogUObjectHash: Compacting FUObjectHashTables data took   1.82ms
[2020.04.10-21.07.21:394][  0]Cmd: MAP CHECKDEP NOCLEARLOG
[2020.04.10-21.07.21:394][  0]MapCheck: Map check complete: 0 Error(s), 0 Warning(s), took 0.142ms to complete.
[2020.04.10-21.07.21:394][  0]LogFileHelpers: Loading map 'BattleGround' took 0.317
[2020.04.10-21.07.21:505][  0]LogSlate: Updating window title bar state: overlay mode, drag disabled, window buttons hidden, title bar hidden
[2020.04.10-21.07.21:511][  0]LogSlate: Updating window title bar state: overlay mode, drag disabled, window buttons hidden, title bar hidden
[2020.04.10-21.07.21:517][  0]LogSlate: Updating window title bar state: overlay mode, drag disabled, window buttons hidden, title bar hidden
[2020.04.10-21.07.21:522][  0]LogSlate: Updating window title bar state: overlay mode, drag disabled, window buttons hidden, title bar hidden
[2020.04.10-21.07.21:526][  0]LogCollectionManager: Loaded 0 collections in 0.000972 seconds
[2020.04.10-21.07.21:538][  0]LogFileCache: Scanning file cache for directory 'C:/Users/AmeerHamza/Documents/Unreal Projects/Unreal_Projects--Battle_Tank/BattleTank/Saved/Collections/' took 0.00s
[2020.04.10-21.07.21:538][  0]LogFileCache: Scanning file cache for directory 'C:/Users/AmeerHamza/Documents/Unreal Projects/Unreal_Projects--Battle_Tank/BattleTank/Content/Developers/AmeerHamza/Collections/' took 0.00s
[2020.04.10-21.07.21:538][  0]LogFileCache: Scanning file cache for directory 'C:/Users/AmeerHamza/Documents/Unreal Projects/Unreal_Projects--Battle_Tank/BattleTank/Content/Collections/' took 0.00s
[2020.04.10-21.07.21:538][  0]LogContentBrowser: Native class hierarchy populated in 0.0076 seconds. Added 3025 classes and 720 folders.
[2020.04.10-21.07.21:541][  0]LogContentBrowser: Native class hierarchy updated for 'WidgetCarousel' in 0.0003 seconds. Added 0 classes and 0 folders.
[2020.04.10-21.07.21:618][  0]LogContentBrowser: Native class hierarchy updated for 'AddContentDialog' in 0.0003 seconds. Added 0 classes and 0 folders.
[2020.04.10-21.07.21:625][  0]LogContentBrowser: Native class hierarchy updated for 'SceneOutliner' in 0.0003 seconds. Added 2 classes and 3 folders.
[2020.04.10-21.07.22:554][  0]LogSlate: Took 0.000178 seconds to synchronously load lazily loaded font '../../../Engine/Content/Slate/Fonts/Roboto-Regular.ttf' (155K)
[2020.04.10-21.07.22:556][  0]LogSlate: Took 0.000104 seconds to synchronously load lazily loaded font '../../../Engine/Content/Slate/Fonts/Roboto-Bold.ttf' (160K)
[2020.04.10-21.07.22:560][  0]LogSlate: Took 0.000607 seconds to synchronously load lazily loaded font '../../../Engine/Content/Editor/Slate/Fonts/FontAwesome.ttf' (139K)
[2020.04.10-21.07.22:634][  0]LogRenderer: Reallocating scene render targets to support 1208x572 Format 10 NumSamples 1 (Frame:1).
[2020.04.10-21.07.22:707][  0]LogContentBrowser: Native class hierarchy updated for 'HierarchicalLODOutliner' in 0.0003 seconds. Added 0 classes and 0 folders.
[2020.04.10-21.07.22:708][  0]LogLoad: (Engine Initialization) Total time: 7.60 seconds
[2020.04.10-21.07.22:708][  0]LogLoad: (Engine Initialization) Total Blueprint compile time: 0.00 seconds
[2020.04.10-21.07.22:787][  0]LogAssetRegistry: Asset discovery search completed in 4.9456 seconds
[2020.04.10-21.07.22:790][  0]LogCollectionManager: Fixed up redirectors for 0 collections in 0.000010 seconds (updated 0 objects)
[2020.04.10-21.07.22:791][  0]LogContentStreaming: Texture pool size now 1000 MB
[2020.04.10-21.07.22:818][  0]LogSlate: Took 0.000488 seconds to synchronously load lazily loaded font '../../../Engine/Content/Slate/Fonts/Roboto-Light.ttf' (167K)
[2020.04.10-21.07.25:715][159]LogSlate: Took 0.000150 seconds to synchronously load lazily loaded font '../../../Engine/Content/Slate/Fonts/Roboto-Light.ttf' (167K)
[2020.04.10-21.07.25:748][159]LogAssetEditorSubsystem: Opening Asset editor for Blueprint /Game/Projectile/Projectile_BP.Projectile_BP
[2020.04.10-21.07.25:866][159]LogContentBrowser: Native class hierarchy updated for 'BlueprintGraph' in 0.0005 seconds. Added 121 classes and 0 folders.
[2020.04.10-21.07.29:754][322]LogWorld: UWorld::CleanupWorld for World_1, bSessionEnded=true, bCleanupResources=true
[2020.04.10-21.07.29:754][322]LogSlate: InvalidateAllWidgets triggered.  All widgets were invalidated
[2020.04.10-21.07.29:826][322]LogAssetEditorSubsystem: Opening Asset editor for Blueprint /Game/Projectile/Projectile_BP.Projectile_BP
[2020.04.10-21.07.30:130][322]LogSlate: Took 0.000138 seconds to synchronously load lazily loaded font '../../../Engine/Content/Slate/Fonts/Roboto-BoldCondensed.ttf' (158K)
[2020.04.10-21.07.31:114][362]LogSlate: Took 0.005220 seconds to synchronously load lazily loaded font '../../../Engine/Content/Slate/Fonts/Roboto-Italic.ttf' (157K)
[2020.04.10-21.07.36:279][637]LogAssetEditorSubsystem: Opening Asset editor for Blueprint /Game/Tank/TankActor_BP.TankActor_BP
[2020.04.10-21.07.42:309][952]BlueprintLog: New page: Compile TankActor_BP
[2020.04.10-21.07.42:521][952]LogUObjectHash: Compacting FUObjectHashTables data took   3.58ms
[2020.04.10-21.07.43:657][ 15]LogTemp: Repeating last play command: Selected Viewport
[2020.04.10-21.07.43:679][ 15]LogBlueprintUserMessages: Early PlayInEditor Detection: Level '/Game/_Levels/BattleGround.BattleGround:PersistentLevel' has LevelScriptBlueprint '/Game/_Levels/BattleGround.BattleGround:PersistentLevel.BattleGround' with GeneratedClass '/Game/_Levels/BattleGround.BattleGround_C' with ClassGeneratedBy '/Game/_Levels/BattleGround.BattleGround:PersistentLevel.BattleGround'
[2020.04.10-21.07.43:679][ 15]LogPlayLevel: PlayLevel: No blueprints needed recompiling
[2020.04.10-21.07.43:680][ 15]PIE: New page: PIE session: BattleGround (Apr 11, 2020, 7:07:43 AM)
[2020.04.10-21.07.43:680][ 15]LogOnline: OSS: Creating online subsystem instance for: NULL
[2020.04.10-21.07.43:681][ 15]LogOnline: OSS: TryLoadSubsystemAndSetDefault: Loaded subsystem for module [NULL]
[2020.04.10-21.07.43:681][ 15]LogPlayLevel: Creating play world package: /Game/_Levels/UEDPIE_0_BattleGround
[2020.04.10-21.07.43:825][ 15]LogPlayLevel: PIE: StaticDuplicateObject took: (0.143603s)
[2020.04.10-21.07.43:826][ 15]LogAIModule: Creating AISystem for world BattleGround
[2020.04.10-21.07.43:826][ 15]LogPlayLevel: PIE: World Init took: (0.000939s)
[2020.04.10-21.07.43:826][ 15]LogPlayLevel: PIE: Created PIE world by copying editor world from /Game/_Levels/BattleGround.BattleGround to /Game/_Levels/UEDPIE_0_BattleGround.BattleGround (0.144766s)
[2020.04.10-21.07.43:857][ 15]LogUObjectHash: Compacting FUObjectHashTables data took   2.78ms
[2020.04.10-21.07.43:859][ 15]LogAudioMixer: Display: Audio Mixer Platform Settings:
[2020.04.10-21.07.43:859][ 15]LogAudioMixer: Display: 	Sample Rate:						  48000
[2020.04.10-21.07.43:859][ 15]LogAudioMixer: Display: 	Callback Buffer Frame Size Requested: 1024
[2020.04.10-21.07.43:859][ 15]LogAudioMixer: Display: 	Callback Buffer Frame Size To Use:	  1024
[2020.04.10-21.07.43:859][ 15]LogAudioMixer: Display: 	Number of buffers to queue:			  1
[2020.04.10-21.07.43:859][ 15]LogAudioMixer: Display: 	Max Channels (voices):				  0
[2020.04.10-21.07.43:859][ 15]LogAudioMixer: Display: 	Number of Async Source Workers:		  4
[2020.04.10-21.07.43:859][ 15]LogAudio: Display: AudioDevice MaxSources: 32
[2020.04.10-21.07.43:859][ 15]LogAudio: Display: Using built-in audio occlusion.
[2020.04.10-21.07.43:860][ 15]LogAudioMixer: Display: Initializing audio mixer.
[2020.04.10-21.07.43:875][ 15]LogAudioMixer: Display: Audio Device Output Speaker Info:
[2020.04.10-21.07.43:875][ 15]LogAudioMixer: Display: Name: Speaker/Headphone (USB Audio Device)
[2020.04.10-21.07.43:875][ 15]LogAudioMixer: Display: Is Default: Yes
[2020.04.10-21.07.43:875][ 15]LogAudioMixer: Display: Sample Rate: 48000
[2020.04.10-21.07.43:875][ 15]LogAudioMixer: Display: Channel Count Used: 2
[2020.04.10-21.07.43:875][ 15]LogAudioMixer: Display: Device Channel Count: 2
[2020.04.10-21.07.43:875][ 15]LogAudioMixer: Display: Channel Order:
[2020.04.10-21.07.43:875][ 15]LogAudioMixer: Display: 0: FrontLeft
[2020.04.10-21.07.43:875][ 15]LogAudioMixer: Display: 1: FrontRight
[2020.04.10-21.07.43:885][ 15]LogAudioMixer: Display: Using Audio Device Speaker/Headphone (USB Audio Device)
[2020.04.10-21.07.43:887][ 15]LogInit: FAudioDevice initialized.
[2020.04.10-21.07.43:912][ 15]LogLoad: Game class is 'BattleTankMode_BP_C'
[2020.04.10-21.07.43:921][ 15]LogWorld: Bringing World /Game/_Levels/UEDPIE_0_BattleGround.BattleGround up for play (max tick rate 60) at 2020.04.11-02.07.43
[2020.04.10-21.07.43:921][ 15]LogWorld: Bringing up level for play took: 0.007929
[2020.04.10-21.07.43:922][ 15]LogOnline: OSS: Creating online subsystem instance for: :Context_8
[2020.04.10-21.07.43:925][ 15]LogContentBrowser: Native class hierarchy updated for 'MovieSceneCapture' in 0.0003 seconds. Added 20 classes and 0 folders.
[2020.04.10-21.07.43:928][ 15]PIE: Play in editor start time for /Game/_Levels/UEDPIE_0_BattleGround -0.577
[2020.04.10-21.07.43:928][ 15]LogBlueprintUserMessages: Late PlayInEditor Detection: Level '/Game/_Levels/BattleGround.BattleGround:PersistentLevel' has LevelScriptBlueprint '/Game/_Levels/BattleGround.BattleGround:PersistentLevel.BattleGround' with GeneratedClass '/Game/_Levels/BattleGround.BattleGround_C' with ClassGeneratedBy '/Game/_Levels/BattleGround.BattleGround:PersistentLevel.BattleGround'
[2020.04.10-21.07.53:412][550]LogAudioMixer: Display: No commands were queued while flushing the source manager.
[2020.04.10-21.07.53:417][550]LogAudioMixer: Display: Flush succeeded in the source manager command queue (1).
[2020.04.10-21.07.53:437][550]LogAudioMixer: Display: Flush succeeded the source manager command queue (2).
[2020.04.10-21.07.53:437][550]LogBlueprintUserMessages: Early EndPlayMap Detection: Level '/Game/_Levels/BattleGround.BattleGround:PersistentLevel' has LevelScriptBlueprint '/Game/_Levels/BattleGround.BattleGround:PersistentLevel.BattleGround' with GeneratedClass '/Game/_Levels/BattleGround.BattleGround_C' with ClassGeneratedBy '/Game/_Levels/BattleGround.BattleGround:PersistentLevel.BattleGround'
[2020.04.10-21.07.53:438][550]LogSlate: Updating window title bar state: overlay mode, drag disabled, window buttons hidden, title bar hidden
[2020.04.10-21.07.53:438][550]LogWorld: BeginTearingDown for /Game/_Levels/UEDPIE_0_BattleGround
[2020.04.10-21.07.53:438][550]LogAudioMixer: Display: No commands were queued while flushing the source manager.
[2020.04.10-21.07.53:438][550]LogWorld: UWorld::CleanupWorld for BattleGround, bSessionEnded=true, bCleanupResources=true
[2020.04.10-21.07.53:438][550]LogSlate: InvalidateAllWidgets triggered.  All widgets were invalidated
[2020.04.10-21.07.53:452][550]LogPlayLevel: Display: Shutting down PIE online subsystems
[2020.04.10-21.07.53:452][550]LogBlueprintUserMessages: Late EndPlayMap Detection: Level '/Game/_Levels/BattleGround.BattleGround:PersistentLevel' has LevelScriptBlueprint '/Game/_Levels/BattleGround.BattleGround:PersistentLevel.BattleGround' with GeneratedClass '/Game/_Levels/BattleGround.BattleGround_C' with ClassGeneratedBy '/Game/_Levels/BattleGround.BattleGround:PersistentLevel.BattleGround'
[2020.04.10-21.07.53:458][550]LogSlate: InvalidateAllWidgets triggered.  All widgets were invalidated
[2020.04.10-21.07.53:491][550]LogAudioMixer: Display: No commands were queued while flushing the source manager.
[2020.04.10-21.07.53:494][550]LogSlate: Updating window title bar state: overlay mode, drag disabled, window buttons hidden, title bar hidden
[2020.04.10-21.07.53:518][550]LogUObjectHash: Compacting FUObjectHashTables data took   3.87ms
[2020.04.10-21.07.53:533][551]LogPlayLevel: Display: Destroying online subsystem :Context_8
[2020.04.10-21.08.05:476][251]BlueprintLog: New page: Compile Projectile_BP
[2020.04.10-21.08.05:700][251]LogUObjectHash: Compacting FUObjectHashTables data took   3.28ms
[2020.04.10-21.08.06:473][296]LogTemp: Repeating last play command: Selected Viewport
[2020.04.10-21.08.06:493][296]LogBlueprintUserMessages: Early PlayInEditor Detection: Level '/Game/_Levels/BattleGround.BattleGround:PersistentLevel' has LevelScriptBlueprint '/Game/_Levels/BattleGround.BattleGround:PersistentLevel.BattleGround' with GeneratedClass '/Game/_Levels/BattleGround.BattleGround_C' with ClassGeneratedBy '/Game/_Levels/BattleGround.BattleGround:PersistentLevel.BattleGround'
[2020.04.10-21.08.06:493][296]LogPlayLevel: PlayLevel: No blueprints needed recompiling
[2020.04.10-21.08.06:493][296]PIE: New page: PIE session: BattleGround (Apr 11, 2020, 7:08:06 AM)
[2020.04.10-21.08.06:493][296]LogPlayLevel: Creating play world package: /Game/_Levels/UEDPIE_0_BattleGround
[2020.04.10-21.08.06:622][296]LogPlayLevel: PIE: StaticDuplicateObject took: (0.129090s)
[2020.04.10-21.08.06:623][296]LogAIModule: Creating AISystem for world BattleGround
[2020.04.10-21.08.06:623][296]LogPlayLevel: PIE: World Init took: (0.001156s)
[2020.04.10-21.08.06:623][296]LogPlayLevel: PIE: Created PIE world by copying editor world from /Game/_Levels/BattleGround.BattleGround to /Game/_Levels/UEDPIE_0_BattleGround.BattleGround (0.130390s)
[2020.04.10-21.08.06:654][296]LogUObjectHash: Compacting FUObjectHashTables data took   2.89ms
[2020.04.10-21.08.06:655][296]LogAudioMixer: Display: Audio Mixer Platform Settings:
[2020.04.10-21.08.06:655][296]LogAudioMixer: Display: 	Sample Rate:						  48000
[2020.04.10-21.08.06:655][296]LogAudioMixer: Display: 	Callback Buffer Frame Size Requested: 1024
[2020.04.10-21.08.06:655][296]LogAudioMixer: Display: 	Callback Buffer Frame Size To Use:	  1024
[2020.04.10-21.08.06:655][296]LogAudioMixer: Display: 	Number of buffers to queue:			  1
[2020.04.10-21.08.06:655][296]LogAudioMixer: Display: 	Max Channels (voices):				  0
[2020.04.10-21.08.06:655][296]LogAudioMixer: Display: 	Number of Async Source Workers:		  4
[2020.04.10-21.08.06:655][296]LogAudio: Display: AudioDevice MaxSources: 32
[2020.04.10-21.08.06:656][296]LogAudio: Display: Using built-in audio occlusion.
[2020.04.10-21.08.06:656][296]LogAudioMixer: Display: Initializing audio mixer.
[2020.04.10-21.08.06:670][296]LogAudioMixer: Display: Audio Device Output Speaker Info:
[2020.04.10-21.08.06:670][296]LogAudioMixer: Display: Name: Speaker/Headphone (USB Audio Device)
[2020.04.10-21.08.06:670][296]LogAudioMixer: Display: Is Default: Yes
[2020.04.10-21.08.06:670][296]LogAudioMixer: Display: Sample Rate: 48000
[2020.04.10-21.08.06:670][296]LogAudioMixer: Display: Channel Count Used: 2
[2020.04.10-21.08.06:670][296]LogAudioMixer: Display: Device Channel Count: 2
[2020.04.10-21.08.06:670][296]LogAudioMixer: Display: Channel Order:
[2020.04.10-21.08.06:671][296]LogAudioMixer: Display: 0: FrontLeft
[2020.04.10-21.08.06:671][296]LogAudioMixer: Display: 1: FrontRight
[2020.04.10-21.08.06:680][296]LogAudioMixer: Display: Using Audio Device Speaker/Headphone (USB Audio Device)
[2020.04.10-21.08.06:681][296]LogInit: FAudioDevice initialized.
[2020.04.10-21.08.06:688][296]LogLoad: Game class is 'BattleTankMode_BP_C'
[2020.04.10-21.08.06:696][296]LogWorld: Bringing World /Game/_Levels/UEDPIE_0_BattleGround.BattleGround up for play (max tick rate 60) at 2020.04.11-02.08.06
[2020.04.10-21.08.06:696][296]LogWorld: Bringing up level for play took: 0.006902
[2020.04.10-21.08.06:696][296]LogOnline: OSS: Creating online subsystem instance for: :Context_9
[2020.04.10-21.08.06:699][296]PIE: Play in editor start time for /Game/_Levels/UEDPIE_0_BattleGround 0.195
[2020.04.10-21.08.06:699][296]LogBlueprintUserMessages: Late PlayInEditor Detection: Level '/Game/_Levels/BattleGround.BattleGround:PersistentLevel' has LevelScriptBlueprint '/Game/_Levels/BattleGround.BattleGround:PersistentLevel.BattleGround' with GeneratedClass '/Game/_Levels/BattleGround.BattleGround_C' with ClassGeneratedBy '/Game/_Levels/BattleGround.BattleGround:PersistentLevel.BattleGround'
[2020.04.10-21.08.33:576][892]LogAudioMixer: Display: No commands were queued while flushing the source manager.
[2020.04.10-21.08.33:588][892]LogAudioMixer: Display: Flush succeeded in the source manager command queue (1).
[2020.04.10-21.08.33:607][892]LogAudioMixer: Display: Flush succeeded the source manager command queue (2).
[2020.04.10-21.08.33:607][892]LogBlueprintUserMessages: Early EndPlayMap Detection: Level '/Game/_Levels/BattleGround.BattleGround:PersistentLevel' has LevelScriptBlueprint '/Game/_Levels/BattleGround.BattleGround:PersistentLevel.BattleGround' with GeneratedClass '/Game/_Levels/BattleGround.BattleGround_C' with ClassGeneratedBy '/Game/_Levels/BattleGround.BattleGround:PersistentLevel.BattleGround'
[2020.04.10-21.08.33:607][892]LogSlate: Updating window title bar state: overlay mode, drag disabled, window buttons hidden, title bar hidden
[2020.04.10-21.08.33:607][892]LogWorld: BeginTearingDown for /Game/_Levels/UEDPIE_0_BattleGround
[2020.04.10-21.08.33:607][892]LogAudioMixer: Display: No commands were queued while flushing the source manager.
[2020.04.10-21.08.33:607][892]LogWorld: UWorld::CleanupWorld for BattleGround, bSessionEnded=true, bCleanupResources=true
[2020.04.10-21.08.33:608][892]LogSlate: InvalidateAllWidgets triggered.  All widgets were invalidated
[2020.04.10-21.08.33:619][892]LogPlayLevel: Display: Shutting down PIE online subsystems
[2020.04.10-21.08.33:620][892]LogBlueprintUserMessages: Late EndPlayMap Detection: Level '/Game/_Levels/BattleGround.BattleGround:PersistentLevel' has LevelScriptBlueprint '/Game/_Levels/BattleGround.BattleGround:PersistentLevel.BattleGround' with GeneratedClass '/Game/_Levels/BattleGround.BattleGround_C' with ClassGeneratedBy '/Game/_Levels/BattleGround.BattleGround:PersistentLevel.BattleGround'
[2020.04.10-21.08.33:624][892]LogSlate: InvalidateAllWidgets triggered.  All widgets were invalidated
[2020.04.10-21.08.33:657][892]LogAudioMixer: Display: No commands were queued while flushing the source manager.
[2020.04.10-21.08.33:659][892]LogSlate: Updating window title bar state: overlay mode, drag disabled, window buttons hidden, title bar hidden
[2020.04.10-21.08.33:667][892]LogUObjectHash: Compacting FUObjectHashTables data took   2.51ms
[2020.04.10-21.08.33:691][893]LogPlayLevel: Display: Destroying online subsystem :Context_9
[2020.04.10-21.17.59:808][678]LogUObjectHash: Compacting FUObjectHashTables data took   1.14ms
[2020.04.10-21.18.00:177][678]LogSavePackage: Moving '../../../../../../Users/AmeerHamza/Documents/Unreal Projects/Unreal_Projects--Battle_Tank/BattleTank/Saved/BattleGround_Auto1100A1C1D41B81FC6C609D7B7574B763B.tmp' to '../../../../../../Users/AmeerHamza/Documents/Unreal Projects/Unreal_Projects--Battle_Tank/BattleTank/Saved/Autosaves/Game/_Levels/BattleGround_Auto1.umap'
[2020.04.10-21.18.00:179][678]LogFileHelpers: Editor autosave (incl. sublevels) for '/Game/_Levels/BattleGround' took 0.403
[2020.04.10-21.18.00:179][678]LogFileHelpers: Editor autosave (incl. sublevels) for all levels took 0.403
[2020.04.10-21.18.00:180][678]OBJ SavePackage: Generating thumbnails for [1] asset(s) in package [/Game/Projectile/Projectile_BP] ([1] browsable assets)...
[2020.04.10-21.18.00:191][678]OBJ SavePackage:     Rendered thumbnail for [Blueprint /Game/Projectile/Projectile_BP.Projectile_BP]
[2020.04.10-21.18.00:191][678]OBJ SavePackage: Finished generating thumbnails for package [/Game/Projectile/Projectile_BP]
[2020.04.10-21.18.00:215][678]LogSavePackage: Moving '../../../../../../Users/AmeerHamza/Documents/Unreal Projects/Unreal_Projects--Battle_Tank/BattleTank/Saved/Projectile_BP_Auto1AD0313F64BBA7C10CF2CB39474DA693B.tmp' to '../../../../../../Users/AmeerHamza/Documents/Unreal Projects/Unreal_Projects--Battle_Tank/BattleTank/Saved/Autosaves/Game/Projectile/Projectile_BP_Auto1.uasset'
[2020.04.10-21.18.00:217][678]LogFileHelpers: Auto-saving content packages took 0.037
[2020.04.10-21.41.07:174][808]LogHotReload: New module detected: UE4Editor-BattleTank-0068.dll
[2020.04.10-21.41.07:857][811]LogHotReload: Starting Hot-Reload from IDE
[2020.04.10-21.41.07:908][811]LogUObjectHash: Compacting FUObjectHashTables data took   3.39ms
[2020.04.10-21.41.07:914][811]LogClass: Could not find existing class Projectile in package /Script/BattleTank for HotReload, assuming new class
[2020.04.10-21.41.07:914][811]LogClass: Function OnHit is new.
[2020.04.10-21.41.07:929][811]LogClass: EFiringState HotReload.
[2020.04.10-21.41.07:937][811]LogHotReload: Re-instancing Projectile after hot-reload.
[2020.04.10-21.41.08:308][811]LogHotReload: Re-instancing TankAimingComponent after hot-reload.
[2020.04.10-21.41.08:308][811]LogOutputDevice: Warning: 

Script Stack (0 frames):

[2020.04.10-21.41.08:786][811]LogStats: FPlatformStackWalk::StackWalkAndDump -  0.478 s
[2020.04.10-21.41.08:786][811]LogOutputDevice: Error: === Handled ensure: ===
[2020.04.10-21.41.08:786][811]LogOutputDevice: Error: 
[2020.04.10-21.41.08:786][811]LogOutputDevice: Error: Ensure condition failed: bArchetypeReinstanced [File:D:/Build/++UE4/Sync/Engine/Source/Editor/UnrealEd/Private/Kismet2/KismetReinstanceUtilities.cpp] [Line: 1513]
[2020.04.10-21.41.08:786][811]LogOutputDevice: Error: Reinstancing non-actor (/Engine/Transient.World_6:PersistentLevel.TankActor_BP_C_0.TankAiming1); failed to resolve archetype object - property values may be lost.
[2020.04.10-21.41.08:786][811]LogOutputDevice: Error: Stack: 
[2020.04.10-21.41.08:786][811]LogOutputDevice: Error: [Callstack] 0x00007ff9deef7d87 UE4Editor-UnrealEd.dll!UnknownFunction []
[2020.04.10-21.41.08:786][811]LogOutputDevice: Error: [Callstack] 0x00007ff9de72d39c UE4Editor-UnrealEd.dll!UnknownFunction []
[2020.04.10-21.41.08:786][811]LogOutputDevice: Error: [Callstack] 0x00007ff9de72b25d UE4Editor-UnrealEd.dll!UnknownFunction []
[2020.04.10-21.41.08:786][811]LogOutputDevice: Error: [Callstack] 0x00007ff9de72a440 UE4Editor-UnrealEd.dll!UnknownFunction []
[2020.04.10-21.41.08:786][811]LogOutputDevice: Error: [Callstack] 0x00007ff9de727427 UE4Editor-UnrealEd.dll!UnknownFunction []
[2020.04.10-21.41.08:786][811]LogOutputDevice: Error: [Callstack] 0x00007ff9de72796e UE4Editor-UnrealEd.dll!UnknownFunction []
[2020.04.10-21.41.08:786][811]LogOutputDevice: Error: [Callstack] 0x00007ff9caf96b67 UE4Editor-HotReload.dll!UnknownFunction []
[2020.04.10-21.41.08:786][811]LogOutputDevice: Error: [Callstack] 0x00007ff9caf96ce4 UE4Editor-HotReload.dll!UnknownFunction []
[2020.04.10-21.41.08:786][811]LogOutputDevice: Error: [Callstack] 0x00007ff9caf8f956 UE4Editor-HotReload.dll!UnknownFunction []
[2020.04.10-21.41.08:786][811]LogOutputDevice: Error: [Callstack] 0x00007ffa0ac32b1b UE4Editor-CoreUObject.dll!UnknownFunction []
[2020.04.10-21.41.08:786][811]LogOutputDevice: Error: [Callstack] 0x00007ffa0af50097 UE4Editor-CoreUObject.dll!UnknownFunction []
[2020.04.10-21.41.08:786][811]LogOutputDevice: Error: [Callstack] 0x00007ffa0af311a6 UE4Editor-CoreUObject.dll!UnknownFunction []
[2020.04.10-21.41.08:786][811]LogOutputDevice: Error: [Callstack] 0x00007ffa0ae657b5 UE4Editor-CoreUObject.dll!UnknownFunction []
[2020.04.10-21.41.08:786][811]LogOutputDevice: Error: [Callstack] 0x00007ff9e28bc487 UE4Editor-Core.dll!UnknownFunction []
[2020.04.10-21.41.08:786][811]LogOutputDevice: Error: [Callstack] 0x00007ff9e28daa1b UE4Editor-Core.dll!UnknownFunction []
[2020.04.10-21.41.08:786][811]LogOutputDevice: Error: [Callstack] 0x00007ff9e28d9ac8 UE4Editor-Core.dll!UnknownFunction []
[2020.04.10-21.41.08:786][811]LogOutputDevice: Error: [Callstack] 0x00007ff9caf8bb03 UE4Editor-HotReload.dll!UnknownFunction []
[2020.04.10-21.41.08:786][811]LogOutputDevice: Error: [Callstack] 0x00007ff9caf8b7db UE4Editor-HotReload.dll!UnknownFunction []
[2020.04.10-21.41.08:786][811]LogOutputDevice: Error: [Callstack] 0x00007ff9caf9c821 UE4Editor-HotReload.dll!UnknownFunction []
[2020.04.10-21.41.08:786][811]LogOutputDevice: Error: [Callstack] 0x00007ff9e26690b5 UE4Editor-Core.dll!UnknownFunction []
[2020.04.10-21.41.08:786][811]LogOutputDevice: Error: [Callstack] 0x00007ff7614aad74 UE4Editor.exe!UnknownFunction []
[2020.04.10-21.41.08:786][811]LogOutputDevice: Error: [Callstack] 0x00007ff7614bc3ec UE4Editor.exe!UnknownFunction []
[2020.04.10-21.41.08:786][811]LogOutputDevice: Error: [Callstack] 0x00007ff7614bc4ca UE4Editor.exe!UnknownFunction []
[2020.04.10-21.41.08:786][811]LogOutputDevice: Error: [Callstack] 0x00007ff7614cceae UE4Editor.exe!UnknownFunction []
[2020.04.10-21.41.08:786][811]LogOutputDevice: Error: [Callstack] 0x00007ff7614cfcbe UE4Editor.exe!UnknownFunction []
[2020.04.10-21.41.08:786][811]LogOutputDevice: Error: [Callstack] 0x00007ffa476a7bd4 KERNEL32.DLL!UnknownFunction []
[2020.04.10-21.41.08:786][811]LogOutputDevice: Error: [Callstack] 0x00007ffa4800ced1 ntdll.dll!UnknownFunction []
[2020.04.10-21.41.08:786][811]LogOutputDevice: Error: 
[2020.04.10-21.41.08:795][811]LogStats:                SubmitErrorReport -  0.000 s
[2020.04.10-21.41.10:032][811]LogStats:                    SendNewReport -  1.237 s
[2020.04.10-21.41.10:032][811]LogStats:             FDebug::EnsureFailed -  1.724 s
[2020.04.10-21.41.10:259][811]LogContentBrowser: Native class hierarchy updated for 'BattleTank' in 0.0004 seconds. Added 10 classes and 3 folders.
[2020.04.10-21.41.10:263][811]Display: HotReload successful (8 functions remapped  0 scriptstructs remapped)
[2020.04.10-21.41.10:377][811]LogUObjectHash: Compacting FUObjectHashTables data took   3.31ms
[2020.04.10-21.41.10:392][811]LogContentBrowser: Native class hierarchy populated in 0.0073 seconds. Added 3027 classes and 723 folders.
[2020.04.10-21.41.10:396][811]Display: HotReload took  2.5s.
[2020.04.10-21.41.10:774][811]LogTemp: Resetting audio stream to device id 
[2020.04.10-21.41.10:795][811]LogAudioMixer: Display: Audio Device Output Speaker Info:
[2020.04.10-21.41.10:795][811]LogAudioMixer: Display: Name: Speaker/Headphone (USB Audio Device)
[2020.04.10-21.41.10:795][811]LogAudioMixer: Display: Is Default: Yes
[2020.04.10-21.41.10:795][811]LogAudioMixer: Display: Sample Rate: 48000
[2020.04.10-21.41.10:795][811]LogAudioMixer: Display: Channel Count Used: 2
[2020.04.10-21.41.10:795][811]LogAudioMixer: Display: Device Channel Count: 2
[2020.04.10-21.41.10:795][811]LogAudioMixer: Display: Channel Order:
[2020.04.10-21.41.10:795][811]LogAudioMixer: Display: 0: FrontLeft
[2020.04.10-21.41.10:795][811]LogAudioMixer: Display: 1: FrontRight
[2020.04.10-21.41.13:973][939]LogTemp: Repeating last play command: Selected Viewport
[2020.04.10-21.41.13:991][939]LogBlueprintUserMessages: Early PlayInEditor Detection: Level '/Game/_Levels/BattleGround.BattleGround:PersistentLevel' has LevelScriptBlueprint '/Game/_Levels/BattleGround.BattleGround:PersistentLevel.BattleGround' with GeneratedClass '/Game/_Levels/BattleGround.BattleGround_C' with ClassGeneratedBy '/Game/_Levels/BattleGround.BattleGround:PersistentLevel.BattleGround'
[2020.04.10-21.41.13:991][939]LogPlayLevel: PlayLevel: No blueprints needed recompiling
[2020.04.10-21.41.13:991][939]PIE: New page: PIE session: BattleGround (Apr 11, 2020, 7:41:13 AM)
[2020.04.10-21.41.13:991][939]LogPlayLevel: Creating play world package: /Game/_Levels/UEDPIE_0_BattleGround
[2020.04.10-21.41.14:131][939]LogPlayLevel: PIE: StaticDuplicateObject took: (0.140612s)
[2020.04.10-21.41.14:132][939]LogAIModule: Creating AISystem for world BattleGround
[2020.04.10-21.41.14:132][939]LogPlayLevel: PIE: World Init took: (0.000985s)
[2020.04.10-21.41.14:132][939]LogPlayLevel: PIE: Created PIE world by copying editor world from /Game/_Levels/BattleGround.BattleGround to /Game/_Levels/UEDPIE_0_BattleGround.BattleGround (0.141713s)
[2020.04.10-21.41.14:204][939]LogUObjectHash: Compacting FUObjectHashTables data took   4.61ms
[2020.04.10-21.41.14:207][939]LogAudioMixer: Display: Audio Mixer Platform Settings:
[2020.04.10-21.41.14:207][939]LogAudioMixer: Display: 	Sample Rate:						  48000
[2020.04.10-21.41.14:207][939]LogAudioMixer: Display: 	Callback Buffer Frame Size Requested: 1024
[2020.04.10-21.41.14:207][939]LogAudioMixer: Display: 	Callback Buffer Frame Size To Use:	  1024
[2020.04.10-21.41.14:207][939]LogAudioMixer: Display: 	Number of buffers to queue:			  1
[2020.04.10-21.41.14:207][939]LogAudioMixer: Display: 	Max Channels (voices):				  0
[2020.04.10-21.41.14:207][939]LogAudioMixer: Display: 	Number of Async Source Workers:		  4
[2020.04.10-21.41.14:207][939]LogAudio: Display: AudioDevice MaxSources: 32
[2020.04.10-21.41.14:207][939]LogAudio: Display: Using built-in audio occlusion.
[2020.04.10-21.41.14:207][939]LogAudioMixer: Display: Initializing audio mixer.
[2020.04.10-21.41.14:222][939]LogAudioMixer: Display: Audio Device Output Speaker Info:
[2020.04.10-21.41.14:222][939]LogAudioMixer: Display: Name: Speaker/Headphone (USB Audio Device)
[2020.04.10-21.41.14:222][939]LogAudioMixer: Display: Is Default: Yes
[2020.04.10-21.41.14:222][939]LogAudioMixer: Display: Sample Rate: 48000
[2020.04.10-21.41.14:222][939]LogAudioMixer: Display: Channel Count Used: 2
[2020.04.10-21.41.14:222][939]LogAudioMixer: Display: Device Channel Count: 2
[2020.04.10-21.41.14:222][939]LogAudioMixer: Display: Channel Order:
[2020.04.10-21.41.14:222][939]LogAudioMixer: Display: 0: FrontLeft
[2020.04.10-21.41.14:222][939]LogAudioMixer: Display: 1: FrontRight
[2020.04.10-21.41.14:232][939]LogAudioMixer: Display: Using Audio Device Speaker/Headphone (USB Audio Device)
[2020.04.10-21.41.14:233][939]LogInit: FAudioDevice initialized.
[2020.04.10-21.41.14:241][939]LogLoad: Game class is 'BattleTankMode_BP_C'
[2020.04.10-21.41.14:249][939]LogWorld: Bringing World /Game/_Levels/UEDPIE_0_BattleGround.BattleGround up for play (max tick rate 60) at 2020.04.11-02.41.14
[2020.04.10-21.41.14:250][939]LogWorld: Bringing up level for play took: 0.007799
[2020.04.10-21.41.14:250][939]LogOnline: OSS: Creating online subsystem instance for: :Context_10
[2020.04.10-21.41.14:253][939]PIE: Play in editor start time for /Game/_Levels/UEDPIE_0_BattleGround -0.252
[2020.04.10-21.41.14:253][939]LogBlueprintUserMessages: Late PlayInEditor Detection: Level '/Game/_Levels/BattleGround.BattleGround:PersistentLevel' has LevelScriptBlueprint '/Game/_Levels/BattleGround.BattleGround:PersistentLevel.BattleGround' with GeneratedClass '/Game/_Levels/BattleGround.BattleGround_C' with ClassGeneratedBy '/Game/_Levels/BattleGround.BattleGround:PersistentLevel.BattleGround'
[2020.04.10-21.41.17:918][157]LogSpawn: Warning: SpawnActor failed because no class was specified
[2020.04.10-21.41.18:502][192]LogSpawn: Warning: SpawnActor failed because no class was specified
[2020.04.10-21.41.18:786][209]LogSpawn: Warning: SpawnActor failed because no class was specified
[2020.04.10-21.41.19:547][254]LogAudioMixer: Display: No commands were queued while flushing the source manager.
[2020.04.10-21.41.19:565][254]LogAudioMixer: Display: Flush succeeded in the source manager command queue (1).
[2020.04.10-21.41.19:585][254]LogAudioMixer: Display: Flush succeeded the source manager command queue (2).
[2020.04.10-21.41.19:585][254]LogBlueprintUserMessages: Early EndPlayMap Detection: Level '/Game/_Levels/BattleGround.BattleGround:PersistentLevel' has LevelScriptBlueprint '/Game/_Levels/BattleGround.BattleGround:PersistentLevel.BattleGround' with GeneratedClass '/Game/_Levels/BattleGround.BattleGround_C' with ClassGeneratedBy '/Game/_Levels/BattleGround.BattleGround:PersistentLevel.BattleGround'
[2020.04.10-21.41.19:585][254]LogSlate: Updating window title bar state: overlay mode, drag disabled, window buttons hidden, title bar hidden
[2020.04.10-21.41.19:585][254]LogWorld: BeginTearingDown for /Game/_Levels/UEDPIE_0_BattleGround
[2020.04.10-21.41.19:585][254]LogAudioMixer: Display: No commands were queued while flushing the source manager.
[2020.04.10-21.41.19:586][254]LogWorld: UWorld::CleanupWorld for BattleGround, bSessionEnded=true, bCleanupResources=true
[2020.04.10-21.41.19:586][254]LogSlate: InvalidateAllWidgets triggered.  All widgets were invalidated
[2020.04.10-21.41.19:594][254]LogPlayLevel: Display: Shutting down PIE online subsystems
[2020.04.10-21.41.19:594][254]LogBlueprintUserMessages: Late EndPlayMap Detection: Level '/Game/_Levels/BattleGround.BattleGround:PersistentLevel' has LevelScriptBlueprint '/Game/_Levels/BattleGround.BattleGround:PersistentLevel.BattleGround' with GeneratedClass '/Game/_Levels/BattleGround.BattleGround_C' with ClassGeneratedBy '/Game/_Levels/BattleGround.BattleGround:PersistentLevel.BattleGround'
[2020.04.10-21.41.19:602][254]LogSlate: InvalidateAllWidgets triggered.  All widgets were invalidated
[2020.04.10-21.41.19:638][254]LogAudioMixer: Display: No commands were queued while flushing the source manager.
[2020.04.10-21.41.19:641][254]LogSlate: Updating window title bar state: overlay mode, drag disabled, window buttons hidden, title bar hidden
[2020.04.10-21.41.19:684][254]LogUObjectHash: Compacting FUObjectHashTables data took   4.83ms
[2020.04.10-21.41.19:709][255]LogPlayLevel: Display: Destroying online subsystem :Context_10
[2020.04.10-21.41.27:499][700]LogSlate: Prevented a slow task dialog from being summoned while a context menu was open
[2020.04.10-21.41.29:712][823]BlueprintLog: New page: Compile TankActor_BP
[2020.04.10-21.41.29:923][823]LogUObjectHash: Compacting FUObjectHashTables data took   3.29ms
[2020.04.10-21.41.33:435][ 22]LogTemp: Repeating last play command: Selected Viewport
[2020.04.10-21.41.33:450][ 22]LogBlueprintUserMessages: Early PlayInEditor Detection: Level '/Game/_Levels/BattleGround.BattleGround:PersistentLevel' has LevelScriptBlueprint '/Game/_Levels/BattleGround.BattleGround:PersistentLevel.BattleGround' with GeneratedClass '/Game/_Levels/BattleGround.BattleGround_C' with ClassGeneratedBy '/Game/_Levels/BattleGround.BattleGround:PersistentLevel.BattleGround'
[2020.04.10-21.41.33:450][ 22]LogPlayLevel: PlayLevel: No blueprints needed recompiling
[2020.04.10-21.41.33:451][ 22]PIE: New page: PIE session: BattleGround (Apr 11, 2020, 7:41:33 AM)
[2020.04.10-21.41.33:451][ 22]LogPlayLevel: Creating play world package: /Game/_Levels/UEDPIE_0_BattleGround
[2020.04.10-21.41.33:578][ 22]LogPlayLevel: PIE: StaticDuplicateObject took: (0.128412s)
[2020.04.10-21.41.33:579][ 22]LogAIModule: Creating AISystem for world BattleGround
[2020.04.10-21.41.33:579][ 22]LogPlayLevel: PIE: World Init took: (0.000875s)
[2020.04.10-21.41.33:579][ 22]LogPlayLevel: PIE: Created PIE world by copying editor world from /Game/_Levels/BattleGround.BattleGround to /Game/_Levels/UEDPIE_0_BattleGround.BattleGround (0.129401s)
[2020.04.10-21.41.33:613][ 22]LogUObjectHash: Compacting FUObjectHashTables data took   3.40ms
[2020.04.10-21.41.33:614][ 22]LogAudioMixer: Display: Audio Mixer Platform Settings:
[2020.04.10-21.41.33:614][ 22]LogAudioMixer: Display: 	Sample Rate:						  48000
[2020.04.10-21.41.33:614][ 22]LogAudioMixer: Display: 	Callback Buffer Frame Size Requested: 1024
[2020.04.10-21.41.33:614][ 22]LogAudioMixer: Display: 	Callback Buffer Frame Size To Use:	  1024
[2020.04.10-21.41.33:614][ 22]LogAudioMixer: Display: 	Number of buffers to queue:			  1
[2020.04.10-21.41.33:614][ 22]LogAudioMixer: Display: 	Max Channels (voices):				  0
[2020.04.10-21.41.33:614][ 22]LogAudioMixer: Display: 	Number of Async Source Workers:		  4
[2020.04.10-21.41.33:614][ 22]LogAudio: Display: AudioDevice MaxSources: 32
[2020.04.10-21.41.33:614][ 22]LogAudio: Display: Using built-in audio occlusion.
[2020.04.10-21.41.33:614][ 22]LogAudioMixer: Display: Initializing audio mixer.
[2020.04.10-21.41.33:628][ 22]LogAudioMixer: Display: Audio Device Output Speaker Info:
[2020.04.10-21.41.33:628][ 22]LogAudioMixer: Display: Name: Speaker/Headphone (USB Audio Device)
[2020.04.10-21.41.33:628][ 22]LogAudioMixer: Display: Is Default: Yes
[2020.04.10-21.41.33:628][ 22]LogAudioMixer: Display: Sample Rate: 48000
[2020.04.10-21.41.33:628][ 22]LogAudioMixer: Display: Channel Count Used: 2
[2020.04.10-21.41.33:628][ 22]LogAudioMixer: Display: Device Channel Count: 2
[2020.04.10-21.41.33:628][ 22]LogAudioMixer: Display: Channel Order:
[2020.04.10-21.41.33:628][ 22]LogAudioMixer: Display: 0: FrontLeft
[2020.04.10-21.41.33:628][ 22]LogAudioMixer: Display: 1: FrontRight
[2020.04.10-21.41.33:638][ 22]LogAudioMixer: Display: Using Audio Device Speaker/Headphone (USB Audio Device)
[2020.04.10-21.41.33:639][ 22]LogInit: FAudioDevice initialized.
[2020.04.10-21.41.33:650][ 22]LogLoad: Game class is 'BattleTankMode_BP_C'
[2020.04.10-21.41.33:658][ 22]LogWorld: Bringing World /Game/_Levels/UEDPIE_0_BattleGround.BattleGround up for play (max tick rate 60) at 2020.04.11-02.41.33
[2020.04.10-21.41.33:658][ 22]LogWorld: Bringing up level for play took: 0.007152
[2020.04.10-21.41.33:658][ 22]LogOnline: OSS: Creating online subsystem instance for: :Context_11
[2020.04.10-21.41.33:661][ 22]PIE: Play in editor start time for /Game/_Levels/UEDPIE_0_BattleGround 1.157
[2020.04.10-21.41.33:661][ 22]LogBlueprintUserMessages: Late PlayInEditor Detection: Level '/Game/_Levels/BattleGround.BattleGround:PersistentLevel' has LevelScriptBlueprint '/Game/_Levels/BattleGround.BattleGround:PersistentLevel.BattleGround' with GeneratedClass '/Game/_Levels/BattleGround.BattleGround_C' with ClassGeneratedBy '/Game/_Levels/BattleGround.BattleGround:PersistentLevel.BattleGround'
[2020.04.10-21.41.45:078][701]LogSlate: Took 0.006094 seconds to synchronously load lazily loaded font '../../../Engine/Content/Slate/Fonts/DroidSansMono.ttf' (77K)
[2020.04.10-21.42.39:110][126]LogAudioMixer: Display: No commands were queued while flushing the source manager.
[2020.04.10-21.42.39:114][126]LogAudioMixer: Display: Flush succeeded in the source manager command queue (1).
[2020.04.10-21.42.39:135][126]LogAudioMixer: Display: Flush succeeded the source manager command queue (2).
[2020.04.10-21.42.39:135][126]LogBlueprintUserMessages: Early EndPlayMap Detection: Level '/Game/_Levels/BattleGround.BattleGround:PersistentLevel' has LevelScriptBlueprint '/Game/_Levels/BattleGround.BattleGround:PersistentLevel.BattleGround' with GeneratedClass '/Game/_Levels/BattleGround.BattleGround_C' with ClassGeneratedBy '/Game/_Levels/BattleGround.BattleGround:PersistentLevel.BattleGround'
[2020.04.10-21.42.39:135][126]LogSlate: Updating window title bar state: overlay mode, drag disabled, window buttons hidden, title bar hidden
[2020.04.10-21.42.39:135][126]LogWorld: BeginTearingDown for /Game/_Levels/UEDPIE_0_BattleGround
[2020.04.10-21.42.39:135][126]LogAudioMixer: Display: No commands were queued while flushing the source manager.
[2020.04.10-21.42.39:136][126]LogWorld: UWorld::CleanupWorld for BattleGround, bSessionEnded=true, bCleanupResources=true
[2020.04.10-21.42.39:136][126]LogSlate: InvalidateAllWidgets triggered.  All widgets were invalidated
[2020.04.10-21.42.39:148][126]LogPlayLevel: Display: Shutting down PIE online subsystems
[2020.04.10-21.42.39:148][126]LogBlueprintUserMessages: Late EndPlayMap Detection: Level '/Game/_Levels/BattleGround.BattleGround:PersistentLevel' has LevelScriptBlueprint '/Game/_Levels/BattleGround.BattleGround:PersistentLevel.BattleGround' with GeneratedClass '/Game/_Levels/BattleGround.BattleGround_C' with ClassGeneratedBy '/Game/_Levels/BattleGround.BattleGround:PersistentLevel.BattleGround'
[2020.04.10-21.42.39:153][126]LogSlate: InvalidateAllWidgets triggered.  All widgets were invalidated
[2020.04.10-21.42.39:186][126]LogAudioMixer: Display: No commands were queued while flushing the source manager.
[2020.04.10-21.42.39:189][126]LogSlate: Updating window title bar state: overlay mode, drag disabled, window buttons hidden, title bar hidden
[2020.04.10-21.42.39:198][126]LogUObjectHash: Compacting FUObjectHashTables data took   2.97ms
[2020.04.10-21.42.39:216][127]LogPlayLevel: Display: Destroying online subsystem :Context_11
